yarn run v1.22.22
$ yarn validate:podcasts && yarn build:astro
$ node scripts/validate-podcasts.cjs
Podcast validation: OK (no issues)
$ node scripts/run-astro-build.cjs
19:03:41 [@astrojs/node] Enabling sessions with filesystem storage
19:03:41 [vite] Re-optimizing dependencies because vite config has changed
19:03:43 [content] Syncing content
19:03:47 [content] Synced content
19:03:47 [types] Generated 5.59s
19:03:47 [build] output: "server"
19:03:47 [build] mode: "server"
19:03:47 [build] directory: /home/daniel/project/github/melody-mind/dist/
19:03:47 [build] adapter: @astrojs/node
19:03:47 [build] Collecting build info...
19:03:47 [build] ✓ Completed in 5.62s.
19:03:48 [build] Building server entrypoints...
19:04:00 [astro-icon] Loaded icons from src/icons
19:04:11 [vite] ✓ built in 22.96s
19:04:11 [build] ✓ Completed in 23.03s.

 building client (vite) 
19:04:11 [vite] transforming...
19:04:11 [vite] ✓ 75 modules transformed.
19:04:13 [vite] rendering chunks...
19:04:13 [vite] computing gzip size...
19:04:13 [vite] dist/client/_astro/gamehome.astro_astro_type_script_index_0_lang.CBxpTlE7.js                    0.27 kB │ gzip:  0.23 kB
19:04:13 [vite] dist/client/_astro/playlists.astro_astro_type_script_index_0_lang.CwoOUbSr.js                   0.27 kB │ gzip:  0.23 kB
19:04:13 [vite] dist/client/_astro/index.astro_astro_type_script_index_0_lang.DqzvBAEz.js                       0.32 kB │ gzip:  0.27 kB
19:04:13 [vite] dist/client/_astro/domUtils._Firy7QB.js                                                         0.73 kB │ gzip:  0.30 kB
19:04:13 [vite] dist/client/_astro/gameStateUtils.DQUTA9H3.js                                                   0.84 kB │ gzip:  0.50 kB
19:04:13 [vite] dist/client/_astro/preload-helper.BlTxHScW.js                                                   1.11 kB │ gzip:  0.65 kB
19:04:13 [vite] dist/client/_astro/endGameLoader.BgD9HwEk.js                                                    1.43 kB │ gzip:  0.73 kB
19:04:13 [vite] dist/client/_astro/errorHandlingUtils.C-o5FbV0.js                                               1.86 kB │ gzip:  0.86 kB
19:04:13 [vite] dist/client/_astro/page.CK82KrVN.js                                                             2.17 kB │ gzip:  0.97 kB
19:04:13 [vite] dist/client/_astro/time-pressure-_category_.astro_astro_type_script_index_0_lang.sjgsfOiw.js    2.28 kB │ gzip:  1.01 kB
19:04:13 [vite] dist/client/_astro/ShareOverlay.astro_astro_type_script_index_0_lang.P1EfTa9Z.js                4.30 kB │ gzip:  1.66 kB
19:04:13 [vite] dist/client/_astro/initSearchPanel.DIBNyh0o.js                                                  8.78 kB │ gzip:  2.70 kB
19:04:13 [vite] dist/client/_astro/_id_.astro_astro_type_script_index_0_lang.DKZSwrAz.js                        9.73 kB │ gzip:  2.61 kB
19:04:13 [vite] dist/client/_astro/endGameUtils.Cpw3YTdL.js                                                    11.31 kB │ gzip:  3.71 kB
19:04:13 [vite] dist/client/_astro/_difficulty_.astro_astro_type_script_index_0_lang.DpBJWSOD.js               11.43 kB │ gzip:  3.94 kB
19:04:13 [vite] dist/client/_astro/timePressureGameEngine.D3hNeqnJ.js                                          18.56 kB │ gzip:  5.51 kB
19:04:13 [vite] dist/client/_astro/_difficulty_.astro_astro_type_script_index_0_lang.B3OWxgS4.js               26.15 kB │ gzip:  8.66 kB
19:04:13 [vite] dist/client/_astro/detectLanguage.B3z_wilO.js                                                 195.43 kB │ gzip: 56.89 kB
19:04:13 [vite] ✓ built in 2.12s

 prerendering static routes 
19:04:13 ▶ src/pages/404.astro
19:04:13   └─ /404.html (+33ms) 
19:04:13 ▶ src/pages/de/datenschutz.astro
19:04:13   └─ /de/datenschutz/index.html (+10ms) 
19:04:13 ▶ src/pages/de/impressum.astro
19:04:13   └─ /de/impressum/index.html (+11ms) 
[optimizedImageVariants] index built: keys=584, withWebpVariants=0, sampleKeys=category::1950s, category::1960s, category::1970s, category::1980s, category::1990s
19:04:13 ▶ src/pages/debug/image-index.astro
19:04:13   └─ /debug/image-index/index.html (+9ms) 
19:04:13 ▶ src/pages/en/legal-notice.astro
19:04:13   └─ /en/legal-notice/index.html (+5ms) 
19:04:13 ▶ src/pages/en/privacy-policy.astro
19:04:13   └─ /en/privacy-policy/index.html (+7ms) 
19:04:13 λ src/pages/sitemap-[lang].xml.js
19:04:13   ├─ /sitemap-en.xml (+1ms) 
19:04:13   ├─ /sitemap-de.xml (+1ms) 
19:04:13   ├─ /sitemap-es.xml (+1ms) 
19:04:13   ├─ /sitemap-it.xml (+1ms) 
19:04:13   ├─ /sitemap-fr.xml (+1ms) 
19:04:13   └─ /sitemap-pt.xml (+0ms) 
19:04:13 λ src/pages/sitemap-[lang].xml.ts
19:04:13 [WARN] [build] Could not render `/sitemap-en.xml` from route `/sitemap-[lang].xml` as it conflicts with higher priority route `/sitemap-[lang].xml`.
19:04:13 [WARN] [build] Could not render `/sitemap-de.xml` from route `/sitemap-[lang].xml` as it conflicts with higher priority route `/sitemap-[lang].xml`.
19:04:13 [WARN] [build] Could not render `/sitemap-es.xml` from route `/sitemap-[lang].xml` as it conflicts with higher priority route `/sitemap-[lang].xml`.
19:04:13 [WARN] [build] Could not render `/sitemap-it.xml` from route `/sitemap-[lang].xml` as it conflicts with higher priority route `/sitemap-[lang].xml`.
19:04:13 [WARN] [build] Could not render `/sitemap-fr.xml` from route `/sitemap-[lang].xml` as it conflicts with higher priority route `/sitemap-[lang].xml`.
19:04:13 [WARN] [build] Could not render `/sitemap-pt.xml` from route `/sitemap-[lang].xml` as it conflicts with higher priority route `/sitemap-[lang].xml`.
19:04:13 ▶ src/pages/[lang]/gamehome.astro
19:04:13   ├─ /en/gamehome/index.html[OptimizedImage] Variant index status {
  indexSize: 584,
  sample: [
    'category::1950s',
    'category::1960s',
    'category::1970s',
    'category::1980s',
    'category::1990s',
    'category::2000s',
    'category::2010s',
    'category::acid-jazz',
    'category::acoustic-metal',
    'category::acoustic-pop'
  ],
  loaderKeys: [
    '../../assets/category/1950s/1950s-240.avif',
    '../../assets/category/1950s/1950s-240.jpg',
    '../../assets/category/1950s/1950s-240.webp',
    '../../assets/category/1950s/1950s-480.avif',
    '../../assets/category/1950s/1950s-480.jpg'
  ],
  loadersTotal: 6882
}
 (+26ms) 
19:04:13   ├─ /de/gamehome/index.html (+10ms) 
19:04:13   ├─ /es/gamehome/index.html (+12ms) 
19:04:13   ├─ /it/gamehome/index.html (+15ms) 
19:04:13   ├─ /fr/gamehome/index.html (+9ms) 
19:04:13   └─ /pt/gamehome/index.html (+9ms) 
19:04:15 ▶ src/pages/[lang]/knowledge/index.astro
19:04:15   ├─ /en/knowledge/index.html (+1.76s) 
19:04:17   ├─ /de/knowledge/index.html (+245ms) 
19:04:17   ├─ /es/knowledge/index.html (+156ms) 
19:04:17   ├─ /it/knowledge/index.html (+160ms) 
19:04:17   ├─ /fr/knowledge/index.html (+155ms) 
19:04:17   └─ /pt/knowledge/index.html (+182ms) 
19:04:18 ▶ src/pages/[lang]/knowledge/[...slug].astro
19:04:18   ├─ /en/knowledge/1970s/index.html (+19ms) 
19:04:18   ├─ /en/knowledge/1960s/index.html (+9ms) 
19:04:18   ├─ /en/knowledge/1980s/index.html (+13ms) 
19:04:18   ├─ /en/knowledge/1990s/index.html (+10ms) 
19:04:18   ├─ /en/knowledge/2010s/index.html (+8ms) 
19:04:18   ├─ /en/knowledge/acid-jazz/index.html (+13ms) 
19:04:18   ├─ /en/knowledge/acoustic-metal/index.html (+6ms) 
19:04:18   ├─ /en/knowledge/1950s/index.html (+13ms) 
19:04:18   ├─ /en/knowledge/acoustic-pop/index.html (+7ms) 
19:04:18   ├─ /en/knowledge/2000s/index.html (+8ms) 
19:04:18   ├─ /en/knowledge/after-work-chill/index.html (+16ms) 
19:04:18   ├─ /en/knowledge/african-music/index.html (+8ms) 
19:04:18   ├─ /en/knowledge/alternative-metal/index.html (+9ms) 
19:04:18   ├─ /en/knowledge/alternative-rock/index.html (+13ms) 
19:04:18   ├─ /en/knowledge/ambient/index.html (+6ms) 
19:04:18   ├─ /en/knowledge/ambient-metal/index.html (+12ms) 
19:04:18   ├─ /en/knowledge/angry/index.html (+6ms) 
19:04:18   ├─ /en/knowledge/austrian/index.html (+6ms) 
19:04:18   ├─ /en/knowledge/afrobeat/index.html (+13ms) 
19:04:18   ├─ /en/knowledge/argentinian/index.html (+7ms) 
19:04:18   ├─ /en/knowledge/autumn-chill/index.html (+7ms) 
19:04:18   ├─ /en/knowledge/autumn-leaves/index.html (+12ms) 
19:04:18   ├─ /en/knowledge/avant-garde-metal/index.html (+6ms) 
19:04:18   ├─ /en/knowledge/bachata/index.html (+7ms) 
19:04:18   ├─ /en/knowledge/back-to-school/index.html (+12ms) 
19:04:18   ├─ /en/knowledge/backyard-bbq/index.html (+9ms) 
19:04:18   ├─ /en/knowledge/balkan-music/index.html (+14ms) 
19:04:18   ├─ /en/knowledge/bass-music/index.html (+9ms) 
19:04:18   ├─ /en/knowledge/beach-day/index.html (+8ms) 
19:04:18   ├─ /en/knowledge/belgian/index.html (+13ms) 
19:04:18   ├─ /en/knowledge/black-metal/index.html (+7ms) 
19:04:18   ├─ /en/knowledge/blackened-death-metal/index.html (+7ms) 
19:04:18   ├─ /en/knowledge/bluegrass/index.html (+13ms) 
19:04:18   ├─ /en/knowledge/bossa-nova/index.html (+7ms) 
19:04:18   ├─ /en/knowledge/brazilian/index.html (+6ms) 
19:04:18   ├─ /en/knowledge/breakbeat/index.html (+13ms) 
19:04:18   ├─ /en/knowledge/cantopop/index.html (+6ms) 
19:04:18   ├─ /en/knowledge/blues/index.html (+12ms) 
19:04:18   ├─ /en/knowledge/british/index.html (+7ms) 
19:04:18   ├─ /en/knowledge/caribbean-music/index.html (+6ms) 
19:04:18   ├─ /en/knowledge/chamber-metal/index.html (+16ms) 
19:04:18   ├─ /en/knowledge/chamber-music/index.html (+7ms) 
19:04:18   ├─ /en/knowledge/chicago-house/index.html (+6ms) 
19:04:18   ├─ /en/knowledge/children/index.html (+12ms) 
19:04:18   ├─ /en/knowledge/chiptune/index.html (+6ms) 
19:04:18   ├─ /en/knowledge/celtic-metal/index.html (+12ms) 
19:04:18   ├─ /en/knowledge/christian-metal/index.html (+8ms) 
19:04:18   ├─ /en/knowledge/christmas-classics/index.html (+7ms) 
19:04:18   ├─ /en/knowledge/classic-heavy-metal/index.html (+14ms) 
19:04:18   ├─ /en/knowledge/classic-rock/index.html (+7ms) 
19:04:18   ├─ /en/knowledge/classical/index.html (+7ms) 
19:04:18   ├─ /en/knowledge/club/index.html (+13ms) 
19:04:18   ├─ /en/knowledge/commute-companion/index.html (+7ms) 
19:04:18   ├─ /en/knowledge/colombian/index.html (+14ms) 
19:04:18   ├─ /en/knowledge/cooking-soundtrack/index.html (+7ms) 
19:04:18   ├─ /en/knowledge/coregrind/index.html (+8ms) 
19:04:18   ├─ /en/knowledge/country/index.html (+13ms) 
19:04:18   ├─ /en/knowledge/cozy-evening/index.html (+7ms) 
19:04:18   ├─ /en/knowledge/crossover-thrash/index.html (+7ms) 
19:04:18   ├─ /en/knowledge/cuban/index.html (+14ms) 
19:04:18   ├─ /en/knowledge/cumbia/index.html (+8ms) 
19:04:18   ├─ /en/knowledge/czech/index.html (+15ms) 
19:04:18   ├─ /en/knowledge/dancehall/index.html (+7ms) 
19:04:18   ├─ /en/knowledge/danish/index.html (+7ms) 
19:04:18   ├─ /en/knowledge/dark-metal/index.html (+12ms) 
19:04:18   ├─ /en/knowledge/date-night/index.html (+7ms) 
19:04:18   ├─ /en/knowledge/death-metal/index.html (+7ms) 
19:04:18   ├─ /en/knowledge/deep-house/index.html (+74ms) 
19:04:18   ├─ /en/knowledge/desert-rock/index.html (+8ms) 
19:04:18   ├─ /en/knowledge/cyber-metal/index.html (+14ms) 
19:04:18   ├─ /en/knowledge/detroit-techno/index.html (+7ms) 
19:04:18   ├─ /en/knowledge/dinner-party/index.html (+8ms) 
19:04:18   ├─ /en/knowledge/deutschrock/index.html (+15ms) 
19:04:18   ├─ /en/knowledge/disco-fever/index.html (+8ms) 
19:04:18   ├─ /en/knowledge/doom-metal/index.html (+9ms) 
19:04:18   ├─ /en/knowledge/downtempo/index.html (+15ms) 
19:04:18   ├─ /en/knowledge/dramatic/index.html (+8ms) 
19:04:18   ├─ /en/knowledge/dreamy/index.html (+15ms) 
19:04:18   ├─ /en/knowledge/drum-and-bass/index.html (+8ms) 
19:04:18   ├─ /en/knowledge/dubstep/index.html (+8ms) 
19:04:18   ├─ /en/knowledge/energetic/index.html (+13ms) 
19:04:18   ├─ /en/knowledge/dutch/index.html (+7ms) 
19:04:19   ├─ /en/knowledge/eurodance/index.html (+7ms) 
19:04:19   ├─ /en/knowledge/experimental-metal/index.html (+14ms) 
19:04:19   ├─ /en/knowledge/female-blues-legends/index.html (+7ms) 
19:04:19   ├─ /en/knowledge/experimental/index.html (+13ms) 
19:04:19   ├─ /en/knowledge/female-country-stars/index.html (+8ms) 
19:04:19   ├─ /en/knowledge/female-djs/index.html (+8ms) 
19:04:19   ├─ /en/knowledge/female-grunge-artists/index.html (+14ms) 
19:04:19   ├─ /en/knowledge/female-hip-hop-artists/index.html (+8ms) 
19:04:19   ├─ /en/knowledge/female-jazz-vocalists/index.html (+7ms) 
19:04:19   ├─ /en/knowledge/female-pop-superstars/index.html (+14ms) 
19:04:19   ├─ /en/knowledge/female-rb-divas/index.html (+8ms) 
19:04:19   ├─ /en/knowledge/female-rappers/index.html (+12ms) 
19:04:19   ├─ /en/knowledge/female-rock-metal-vocalists/index.html (+9ms) 
19:04:19   ├─ /en/knowledge/female-soul-legends/index.html (+7ms) 
19:04:19   ├─ /en/knowledge/female-vocal-icons/index.html (+13ms) 
19:04:19   ├─ /en/knowledge/festival-season/index.html (+7ms) 
19:04:19   ├─ /en/knowledge/finnish/index.html (+8ms) 
19:04:19   ├─ /en/knowledge/focus--concentration/index.html (+14ms) 
19:04:19   ├─ /en/knowledge/folk-metal/index.html (+7ms) 
19:04:19   ├─ /en/knowledge/folk/index.html (+13ms) 
19:04:19   ├─ /en/knowledge/forró/index.html (+8ms) 
19:04:19   ├─ /en/knowledge/french/index.html (+7ms) 
19:04:19   ├─ /en/knowledge/funeral-doom-metal/index.html (+14ms) 
19:04:19   ├─ /en/knowledge/funk/index.html (+7ms) 
19:04:19   ├─ /en/knowledge/future-bass/index.html (+7ms) 
19:04:19   ├─ /en/knowledge/gaming-session/index.html (+12ms) 
19:04:19   ├─ /en/knowledge/garage/index.html (+7ms) 
19:04:19   ├─ /en/knowledge/german-rap/index.html (+6ms) 
19:04:19   ├─ /en/knowledge/german-schlager/index.html (+14ms) 
19:04:19   ├─ /en/knowledge/german/index.html (+7ms) 
19:04:19   ├─ /en/knowledge/gospel/index.html (+14ms) 
19:04:19   ├─ /en/knowledge/gothic-metal/index.html (+8ms) 
19:04:19   ├─ /en/knowledge/gothic/index.html (+6ms) 
19:04:19   ├─ /en/knowledge/grindcore/index.html (+13ms) 
19:04:19   ├─ /en/knowledge/groove-metal/index.html (+6ms) 
19:04:19   ├─ /en/knowledge/groove/index.html (+6ms) 
19:04:19   ├─ /en/knowledge/grunge/index.html (+11ms) 
19:04:19   ├─ /en/knowledge/guitar/index.html (+7ms) 
19:04:19   ├─ /en/knowledge/hair-metal/index.html (+13ms) 
19:04:19   ├─ /en/knowledge/halloween-spooky-tunes/index.html (+8ms) 
19:04:19   ├─ /en/knowledge/happy/index.html (+6ms) 
19:04:19   ├─ /en/knowledge/hard-rock/index.html (+13ms) 
19:04:19   ├─ /en/knowledge/hardstyle/index.html (+8ms) 
19:04:19   ├─ /en/knowledge/hawaiian/index.html (+9ms) 
19:04:19   ├─ /en/knowledge/heavy-metal/index.html (+16ms) 
19:04:19   ├─ /en/knowledge/heavy-psych/index.html (+7ms) 
19:04:19   ├─ /en/knowledge/hip-hop/index.html (+14ms) 
19:04:19   ├─ /en/knowledge/holiday/index.html (+9ms) 
19:04:19   ├─ /en/knowledge/hopeful/index.html (+8ms) 
19:04:19   ├─ /en/knowledge/horror-metal/index.html (+14ms) 
19:04:19   ├─ /en/knowledge/icelandic/index.html (+9ms) 
19:04:19   ├─ /en/knowledge/house/index.html (+7ms) 
19:04:19   ├─ /en/knowledge/indian/index.html (+13ms) 
19:04:19   ├─ /en/knowledge/indie-folk/index.html (+7ms) 
19:04:19   ├─ /en/knowledge/indie-pop/index.html (+12ms) 
19:04:19   ├─ /en/knowledge/indie/index.html (+7ms) 
19:04:19   ├─ /en/knowledge/industrial-metal/index.html (+7ms) 
19:04:19   ├─ /en/knowledge/industrial/index.html (+13ms) 
19:04:19   ├─ /en/knowledge/intense/index.html (+6ms) 
19:04:19   ├─ /en/knowledge/iranian/index.html (+8ms) 
19:04:19   ├─ /en/knowledge/irish/index.html (+15ms) 
19:04:19   ├─ /en/knowledge/j-dance/index.html (+7ms) 
19:04:19   ├─ /en/knowledge/j-pop/index.html (+6ms) 
19:04:19   ├─ /en/knowledge/j-rock/index.html (+12ms) 
19:04:19   ├─ /en/knowledge/jazz-fusion/index.html (+6ms) 
19:04:19   ├─ /en/knowledge/jazz-metal/index.html (+11ms) 
19:04:19   ├─ /en/knowledge/jazz/index.html (+6ms) 
19:04:19   ├─ /en/knowledge/k-pop/index.html (+6ms) 
19:04:19   ├─ /en/knowledge/krautrock/index.html (+12ms) 
19:04:19   ├─ /en/knowledge/latin-american/index.html (+7ms) 
19:04:19   ├─ /en/knowledge/latin-vibes/index.html (+8ms) 
19:04:19   ├─ /en/knowledge/lazy-sunday/index.html (+12ms) 
19:04:19   ├─ /en/knowledge/lo-fi/index.html (+7ms) 
19:04:19   ├─ /en/knowledge/mambo/index.html (+13ms) 
19:04:19   ├─ /en/knowledge/mandopop/index.html (+9ms) 
19:04:19   ├─ /en/knowledge/math-metal/index.html (+7ms) 
19:04:19   ├─ /en/knowledge/meditation--yoga/index.html (+14ms) 
19:04:19   ├─ /en/knowledge/melancholic/index.html (+9ms) 
19:04:19   ├─ /en/knowledge/melodic-death-metal/index.html (+6ms) 
19:04:19   ├─ /en/knowledge/merengue/index.html (+13ms) 
19:04:19   ├─ /en/knowledge/mexican/index.html (+7ms) 
19:04:19   ├─ /en/knowledge/metalcore/index.html (+12ms) 
19:04:19   ├─ /en/knowledge/middle-eastern-music/index.html (+7ms) 
19:04:19   ├─ /en/knowledge/minimal-techno/index.html (+8ms) 
19:04:19   ├─ /en/knowledge/morning-coffee/index.html (+12ms) 
19:04:19   ├─ /en/knowledge/neo-classical-metal/index.html (+6ms) 
19:04:19   ├─ /en/knowledge/new-age/index.html (+5ms) 
19:04:19   ├─ /en/knowledge/new-wave-of-british-heavy-metal/index.html (+12ms) 
19:04:19   ├─ /en/knowledge/night-drive/index.html (+8ms) 
19:04:19   ├─ /en/knowledge/noise-metal/index.html (+11ms) 
19:04:19   ├─ /en/knowledge/nostalgic/index.html (+8ms) 
19:04:19   ├─ /en/knowledge/nordic-folk/index.html (+6ms) 
19:04:19   ├─ /en/knowledge/nu-metal/index.html (+12ms) 
19:04:19   ├─ /en/knowledge/opera/index.html (+6ms) 
19:04:19   ├─ /en/knowledge/orchestral/index.html (+6ms) 
19:04:19   ├─ /en/knowledge/party-on/index.html (+15ms) 
19:04:19   ├─ /en/knowledge/peaceful/index.html (+9ms) 
19:04:19   ├─ /en/knowledge/peruvian/index.html (+7ms) 
19:04:19   ├─ /en/knowledge/polish/index.html (+14ms) 
19:04:19   ├─ /en/knowledge/piano/index.html (+8ms) 
19:04:19   ├─ /en/knowledge/pop/index.html (+14ms) 
19:04:19   ├─ /en/knowledge/poprock/index.html (+9ms) 
19:04:19   ├─ /en/knowledge/post-hardcore/index.html (+8ms) 
19:04:19   ├─ /en/knowledge/post-metal/index.html (+15ms) 
19:04:19   ├─ /en/knowledge/post-punk/index.html (+6ms) 
19:04:19   ├─ /en/knowledge/power-metal/index.html (+6ms) 
19:04:20   ├─ /en/knowledge/power-pop/index.html (+15ms) 
19:04:20   ├─ /en/knowledge/power-walk/index.html (+9ms) 
19:04:20   ├─ /en/knowledge/progressive-house/index.html (+13ms) 
19:04:20   ├─ /en/knowledge/progressive-metal/index.html (+9ms) 
19:04:20   ├─ /en/knowledge/psych-rock/index.html (+7ms) 
19:04:20   ├─ /en/knowledge/punk/index.html (+11ms) 
19:04:20   ├─ /en/knowledge/rb/index.html (+7ms) 
19:04:20   ├─ /en/knowledge/rainy-day/index.html (+6ms) 
19:04:20   ├─ /en/knowledge/reggae/index.html (+16ms) 
19:04:20   ├─ /en/knowledge/reggaeton/index.html (+7ms) 
19:04:20   ├─ /en/knowledge/relaxed/index.html (+11ms) 
19:04:20   ├─ /en/knowledge/road-trip/index.html (+6ms) 
19:04:20   ├─ /en/knowledge/rock-n-roll/index.html (+7ms) 
19:04:20   ├─ /en/knowledge/rock/index.html (+13ms) 
19:04:20   ├─ /en/knowledge/rockabilly/index.html (+6ms) 
19:04:20   ├─ /en/knowledge/romantic/index.html (+7ms) 
19:04:20   ├─ /en/knowledge/running-playlist/index.html (+14ms) 
19:04:20   ├─ /en/knowledge/russian/index.html (+8ms) 
19:04:20   ├─ /en/knowledge/sad/index.html (+12ms) 
19:04:20   ├─ /en/knowledge/salsa/index.html (+8ms) 
19:04:20   ├─ /en/knowledge/samba/index.html (+7ms) 
19:04:20   ├─ /en/knowledge/screamo/index.html (+13ms) 
19:04:20   ├─ /en/knowledge/sertanejo/index.html (+9ms) 
19:04:20   ├─ /en/knowledge/shoegaze/index.html (+7ms) 
19:04:20   ├─ /en/knowledge/ska/index.html (+12ms) 
19:04:20   ├─ /en/knowledge/sleep-soundly/index.html (+6ms) 
19:04:20   ├─ /en/knowledge/sludge-metal/index.html (+7ms) 
19:04:20   ├─ /en/knowledge/smooth-jazz/index.html (+12ms) 
19:04:20   ├─ /en/knowledge/songwriter/index.html (+8ms) 
19:04:20   ├─ /en/knowledge/soul/index.html (+12ms) 
19:04:20   ├─ /en/knowledge/soundtrack/index.html (+9ms) 
19:04:20   ├─ /en/knowledge/spanish/index.html (+7ms) 
19:04:20   ├─ /en/knowledge/spring-awakening/index.html (+12ms) 
19:04:20   ├─ /en/knowledge/speed-metal/index.html (+8ms) 
19:04:20   ├─ /en/knowledge/stoner-metal/index.html (+7ms) 
19:04:20   ├─ /en/knowledge/study-session/index.html (+15ms) 
19:04:20   ├─ /en/knowledge/summer-hits/index.html (+6ms) 
19:04:20   ├─ /en/knowledge/sunset-vibes/index.html (+6ms) 
19:04:20   ├─ /en/knowledge/swedish/index.html (+13ms) 
19:04:20   ├─ /en/knowledge/swing/index.html (+6ms) 
19:04:20   ├─ /en/knowledge/surf-rock/index.html (+11ms) 
19:04:20   ├─ /en/knowledge/swiss/index.html (+6ms) 
19:04:20   ├─ /en/knowledge/symphonic-black-metal/index.html (+7ms) 
19:04:20   ├─ /en/knowledge/symphonic-metal/index.html (+13ms) 
19:04:20   ├─ /en/knowledge/synth-pop/index.html (+8ms) 
19:04:20   ├─ /en/knowledge/synthwave/index.html (+7ms) 
19:04:20   ├─ /en/knowledge/tango/index.html (+15ms) 
19:04:20   ├─ /en/knowledge/technical-death-metal/index.html (+8ms) 
19:04:20   ├─ /en/knowledge/techno/index.html (+13ms) 
19:04:20   ├─ /en/knowledge/thrash-metal/index.html (+9ms) 
19:04:20   ├─ /en/knowledge/trance/index.html (+7ms) 
19:04:20   ├─ /en/knowledge/trap/index.html (+11ms) 
19:04:20   ├─ /en/knowledge/trip-hop/index.html (+9ms) 
19:04:20   ├─ /en/knowledge/ukrainian/index.html (+6ms) 
19:04:20   ├─ /en/knowledge/uplifting/index.html (+12ms) 
19:04:20   ├─ /en/knowledge/turkish/index.html (+7ms) 
19:04:20   ├─ /en/knowledge/valentines-day/index.html (+7ms) 
19:04:20   ├─ /en/knowledge/vaporwave/index.html (+14ms) 
19:04:20   ├─ /en/knowledge/viking-metal/index.html (+6ms) 
19:04:20   ├─ /en/knowledge/winter-vibes/index.html (+16ms) 
19:04:20   ├─ /en/knowledge/winter-wonderland/index.html (+6ms) 
19:04:20   ├─ /en/knowledge/workout-motivation/index.html (+7ms) 
19:04:20   ├─ /de/knowledge/1980s/index.html (+15ms) 
19:04:20   ├─ /de/knowledge/1970s/index.html (+9ms) 
19:04:20   ├─ /de/knowledge/1990s/index.html (+14ms) 
19:04:20   ├─ /de/knowledge/2010s/index.html (+10ms) 
19:04:20   ├─ /de/knowledge/acoustic-metal/index.html (+8ms) 
19:04:20   ├─ /de/knowledge/acid-jazz/index.html (+14ms) 
19:04:20   ├─ /de/knowledge/1950s/index.html (+8ms) 
19:04:20   ├─ /de/knowledge/2000s/index.html (+15ms) 
19:04:20   ├─ /de/knowledge/1960s/index.html (+12ms) 
19:04:20   ├─ /de/knowledge/acoustic-pop/index.html (+7ms) 
19:04:20   ├─ /de/knowledge/afrobeat/index.html (+15ms) 
19:04:20   ├─ /de/knowledge/alternative-metal/index.html (+8ms) 
19:04:20   ├─ /de/knowledge/alternative-rock/index.html (+14ms) 
19:04:20   ├─ /de/knowledge/ambient/index.html (+8ms) 
19:04:20   ├─ /de/knowledge/argentinian/index.html (+7ms) 
19:04:20   ├─ /de/knowledge/after-work-chill/index.html (+14ms) 
19:04:20   ├─ /de/knowledge/austrian/index.html (+8ms) 
19:04:20   ├─ /de/knowledge/ambient-metal/index.html (+7ms) 
19:04:20   ├─ /de/knowledge/african-music/index.html (+13ms) 
19:04:20   ├─ /de/knowledge/angry/index.html (+8ms) 
19:04:20   ├─ /de/knowledge/autumn-leaves/index.html (+12ms) 
19:04:20   ├─ /de/knowledge/avant-garde-metal/index.html (+8ms) 
19:04:20   ├─ /de/knowledge/back-to-school/index.html (+7ms) 
19:04:20   ├─ /de/knowledge/backyard-bbq/index.html (+14ms) 
19:04:20   ├─ /de/knowledge/balkan-music/index.html (+6ms) 
19:04:20   ├─ /de/knowledge/beach-day/index.html (+6ms) 
19:04:20   ├─ /de/knowledge/belgian/index.html (+12ms) 
19:04:20   ├─ /de/knowledge/bass-music/index.html (+8ms) 
19:04:20   ├─ /de/knowledge/bachata/index.html (+14ms) 
19:04:20   ├─ /de/knowledge/autumn-chill/index.html (+8ms) 
19:04:20   ├─ /de/knowledge/black-metal/index.html (+7ms) 
19:04:20   ├─ /de/knowledge/blackened-death-metal/index.html (+14ms) 
19:04:20   ├─ /de/knowledge/bluegrass/index.html (+10ms) 
19:04:20   ├─ /de/knowledge/blues/index.html (+9ms) 
19:04:20   ├─ /de/knowledge/bossa-nova/index.html (+13ms) 
19:04:20   ├─ /de/knowledge/brazilian/index.html (+9ms) 
19:04:20   ├─ /de/knowledge/breakbeat/index.html (+14ms) 
19:04:20   ├─ /de/knowledge/british/index.html (+9ms) 
19:04:20   ├─ /de/knowledge/cantopop/index.html (+7ms) 
19:04:20   ├─ /de/knowledge/caribbean-music/index.html (+12ms) 
19:04:21   ├─ /de/knowledge/celtic-metal/index.html (+8ms) 
19:04:21   ├─ /de/knowledge/chamber-music/index.html (+6ms) 
19:04:21   ├─ /de/knowledge/chamber-metal/index.html (+15ms) 
19:04:21   ├─ /de/knowledge/chiptune/index.html (+6ms) 
19:04:21   ├─ /de/knowledge/chicago-house/index.html (+13ms) 
19:04:21   ├─ /de/knowledge/christmas-classics/index.html (+8ms) 
19:04:21   ├─ /de/knowledge/children/index.html (+6ms) 
19:04:21   ├─ /de/knowledge/classic-rock/index.html (+14ms) 
19:04:21   ├─ /de/knowledge/christian-metal/index.html (+8ms) 
19:04:21   ├─ /de/knowledge/classic-heavy-metal/index.html (+7ms) 
19:04:21   ├─ /de/knowledge/classical/index.html (+14ms) 
19:04:21   ├─ /de/knowledge/club/index.html (+7ms) 
19:04:21   ├─ /de/knowledge/colombian/index.html (+13ms) 
19:04:21   ├─ /de/knowledge/commute-companion/index.html (+7ms) 
19:04:21   ├─ /de/knowledge/cooking-soundtrack/index.html (+8ms) 
19:04:21   ├─ /de/knowledge/coregrind/index.html (+14ms) 
19:04:21   ├─ /de/knowledge/country/index.html (+7ms) 
19:04:21   ├─ /de/knowledge/cozy-evening/index.html (+7ms) 
19:04:21   ├─ /de/knowledge/crossover-thrash/index.html (+14ms) 
19:04:21   ├─ /de/knowledge/cuban/index.html (+8ms) 
19:04:21   ├─ /de/knowledge/cumbia/index.html (+13ms) 
19:04:21   ├─ /de/knowledge/cyber-metal/index.html (+9ms) 
19:04:21   ├─ /de/knowledge/czech/index.html (+8ms) 
19:04:21   ├─ /de/knowledge/dancehall/index.html (+13ms) 
19:04:21   ├─ /de/knowledge/danish/index.html (+8ms) 
19:04:21   ├─ /de/knowledge/dark-metal/index.html (+6ms) 
19:04:21   ├─ /de/knowledge/date-night/index.html (+13ms) 
19:04:21   ├─ /de/knowledge/death-metal/index.html (+8ms) 
19:04:21   ├─ /de/knowledge/deep-house/index.html (+11ms) 
19:04:21   ├─ /de/knowledge/desert-rock/index.html (+8ms) 
19:04:21   ├─ /de/knowledge/deutschrock/index.html (+8ms) 
19:04:21   ├─ /de/knowledge/detroit-techno/index.html (+13ms) 
19:04:21   ├─ /de/knowledge/dinner-party/index.html (+7ms) 
19:04:21   ├─ /de/knowledge/disco-fever/index.html (+7ms) 
19:04:21   ├─ /de/knowledge/doom-metal/index.html (+13ms) 
19:04:21   ├─ /de/knowledge/downtempo/index.html (+7ms) 
19:04:21   ├─ /de/knowledge/dramatic/index.html (+14ms) 
19:04:21   ├─ /de/knowledge/dreamy/index.html (+7ms) 
19:04:21   ├─ /de/knowledge/drum-and-bass/index.html (+8ms) 
19:04:21   ├─ /de/knowledge/dubstep/index.html (+12ms) 
19:04:21   ├─ /de/knowledge/dutch/index.html (+6ms) 
19:04:21   ├─ /de/knowledge/energetic/index.html (+6ms) 
19:04:21   ├─ /de/knowledge/eurodance/index.html (+13ms) 
19:04:21   ├─ /de/knowledge/experimental-metal/index.html (+8ms) 
19:04:21   ├─ /de/knowledge/experimental/index.html (+13ms) 
19:04:21   ├─ /de/knowledge/female-blues-legends/index.html (+9ms) 
19:04:21   ├─ /de/knowledge/female-country-stars/index.html (+7ms) 
19:04:21   ├─ /de/knowledge/female-djs/index.html (+14ms) 
19:04:21   ├─ /de/knowledge/female-grunge-artists/index.html (+8ms) 
19:04:21   ├─ /de/knowledge/female-hip-hop-artists/index.html (+14ms) 
19:04:21   ├─ /de/knowledge/female-jazz-vocalists/index.html (+9ms) 
19:04:21   ├─ /de/knowledge/female-pop-superstars/index.html (+7ms) 
19:04:21   ├─ /de/knowledge/female-rb-divas/index.html (+14ms) 
19:04:21   ├─ /de/knowledge/female-rappers/index.html (+8ms) 
19:04:21   ├─ /de/knowledge/female-rock-metal-vocalists/index.html (+12ms) 
19:04:21   ├─ /de/knowledge/female-soul-legends/index.html (+7ms) 
19:04:21   ├─ /de/knowledge/female-vocal-icons/index.html (+8ms) 
19:04:21   ├─ /de/knowledge/festival-season/index.html (+12ms) 
19:04:21   ├─ /de/knowledge/finnish/index.html (+7ms) 
19:04:21   ├─ /de/knowledge/focus--concentration/index.html (+6ms) 
19:04:21   ├─ /de/knowledge/folk-metal/index.html (+15ms) 
19:04:21   ├─ /de/knowledge/forró/index.html (+6ms) 
19:04:21   ├─ /de/knowledge/folk/index.html (+12ms) 
19:04:21   ├─ /de/knowledge/french/index.html (+7ms) 
19:04:21   ├─ /de/knowledge/funeral-doom-metal/index.html (+6ms) 
19:04:21   ├─ /de/knowledge/funk/index.html (+11ms) 
19:04:21   ├─ /de/knowledge/future-bass/index.html (+6ms) 
19:04:21   ├─ /de/knowledge/gaming-session/index.html (+6ms) 
19:04:21   ├─ /de/knowledge/garage/index.html (+13ms) 
19:04:21   ├─ /de/knowledge/german-rap/index.html (+7ms) 
19:04:21   ├─ /de/knowledge/german/index.html (+13ms) 
19:04:21   ├─ /de/knowledge/gospel/index.html (+9ms) 
19:04:21   ├─ /de/knowledge/gothic/index.html (+7ms) 
19:04:21   ├─ /de/knowledge/grindcore/index.html (+13ms) 
19:04:21   ├─ /de/knowledge/groove-metal/index.html (+7ms) 
19:04:21   ├─ /de/knowledge/groove/index.html (+7ms) 
19:04:21   ├─ /de/knowledge/grunge/index.html (+14ms) 
19:04:21   ├─ /de/knowledge/guitar/index.html (+7ms) 
19:04:21   ├─ /de/knowledge/gothic-metal/index.html (+12ms) 
19:04:21   ├─ /de/knowledge/german-schlager/index.html (+7ms) 
19:04:21   ├─ /de/knowledge/hair-metal/index.html (+8ms) 
19:04:21   ├─ /de/knowledge/halloween-spooky-tunes/index.html (+13ms) 
19:04:21   ├─ /de/knowledge/happy/index.html (+8ms) 
19:04:21   ├─ /de/knowledge/hard-rock/index.html (+8ms) 
19:04:21   ├─ /de/knowledge/hardstyle/index.html (+13ms) 
19:04:21   ├─ /de/knowledge/hawaiian/index.html (+9ms) 
19:04:21   ├─ /de/knowledge/heavy-metal/index.html (+12ms) 
19:04:21   ├─ /de/knowledge/heavy-psych/index.html (+7ms) 
19:04:21   ├─ /de/knowledge/hip-hop/index.html (+7ms) 
19:04:21   ├─ /de/knowledge/holiday/index.html (+12ms) 
19:04:21   ├─ /de/knowledge/hopeful/index.html (+6ms) 
19:04:21   ├─ /de/knowledge/horror-metal/index.html (+6ms) 
19:04:21   ├─ /de/knowledge/house/index.html (+14ms) 
19:04:21   ├─ /de/knowledge/icelandic/index.html (+7ms) 
19:04:21   ├─ /de/knowledge/indian/index.html (+13ms) 
19:04:21   ├─ /de/knowledge/indie-folk/index.html (+8ms) 
19:04:21   ├─ /de/knowledge/indie-pop/index.html (+8ms) 
19:04:21   ├─ /de/knowledge/indie/index.html (+14ms) 
19:04:21   ├─ /de/knowledge/industrial-metal/index.html (+7ms) 
19:04:21   ├─ /de/knowledge/industrial/index.html (+8ms) 
19:04:21   ├─ /de/knowledge/intense/index.html (+13ms) 
19:04:21   ├─ /de/knowledge/iranian/index.html (+8ms) 
19:04:21   ├─ /de/knowledge/irish/index.html (+14ms) 
19:04:21   ├─ /de/knowledge/j-dance/index.html (+6ms) 
19:04:22   ├─ /de/knowledge/j-pop/index.html (+7ms) 
19:04:22   ├─ /de/knowledge/j-rock/index.html (+12ms) 
19:04:22   ├─ /de/knowledge/jazz-fusion/index.html (+8ms) 
19:04:22   ├─ /de/knowledge/jazz-metal/index.html (+7ms) 
19:04:22   ├─ /de/knowledge/jazz/index.html (+15ms) 
19:04:22   ├─ /de/knowledge/k-pop/index.html (+8ms) 
19:04:22   ├─ /de/knowledge/krautrock/index.html (+11ms) 
19:04:22   ├─ /de/knowledge/latin-american/index.html (+8ms) 
19:04:22   ├─ /de/knowledge/latin-vibes/index.html (+6ms) 
19:04:22   ├─ /de/knowledge/lazy-sunday/index.html (+14ms) 
19:04:22   ├─ /de/knowledge/lo-fi/index.html (+7ms) 
19:04:22   ├─ /de/knowledge/mambo/index.html (+8ms) 
19:04:22   ├─ /de/knowledge/mandopop/index.html (+16ms) 
19:04:22   ├─ /de/knowledge/math-metal/index.html (+8ms) 
19:04:22   ├─ /de/knowledge/meditation--yoga/index.html (+12ms) 
19:04:22   ├─ /de/knowledge/melancholic/index.html (+6ms) 
19:04:22   ├─ /de/knowledge/merengue/index.html (+8ms) 
19:04:22   ├─ /de/knowledge/melodic-death-metal/index.html (+15ms) 
19:04:22   ├─ /de/knowledge/metalcore/index.html (+7ms) 
19:04:22   ├─ /de/knowledge/mexican/index.html (+8ms) 
19:04:22   ├─ /de/knowledge/middle-eastern-music/index.html (+14ms) 
19:04:22   ├─ /de/knowledge/minimal-techno/index.html (+8ms) 
19:04:22   ├─ /de/knowledge/morning-coffee/index.html (+14ms) 
19:04:22   ├─ /de/knowledge/neo-classical-metal/index.html (+8ms) 
19:04:22   ├─ /de/knowledge/new-age/index.html (+7ms) 
19:04:22   ├─ /de/knowledge/new-wave-of-british-heavy-metal/index.html (+11ms) 
19:04:22   ├─ /de/knowledge/night-drive/index.html (+8ms) 
19:04:22   ├─ /de/knowledge/noise-metal/index.html (+6ms) 
19:04:22   ├─ /de/knowledge/nordic-folk/index.html (+12ms) 
19:04:22   ├─ /de/knowledge/nostalgic/index.html (+8ms) 
19:04:22   ├─ /de/knowledge/nu-metal/index.html (+12ms) 
19:04:22   ├─ /de/knowledge/opera/index.html (+7ms) 
19:04:22   ├─ /de/knowledge/orchestral/index.html (+7ms) 
19:04:22   ├─ /de/knowledge/party-on/index.html (+12ms) 
19:04:22   ├─ /de/knowledge/peaceful/index.html (+6ms) 
19:04:22   ├─ /de/knowledge/peruvian/index.html (+7ms) 
19:04:22   ├─ /de/knowledge/polish/index.html (+13ms) 
19:04:22   ├─ /de/knowledge/pop/index.html (+8ms) 
19:04:22   ├─ /de/knowledge/piano/index.html (+16ms) 
19:04:22   ├─ /de/knowledge/poprock/index.html (+7ms) 
19:04:22   ├─ /de/knowledge/post-hardcore/index.html (+8ms) 
19:04:22   ├─ /de/knowledge/post-metal/index.html (+15ms) 
19:04:22   ├─ /de/knowledge/post-punk/index.html (+7ms) 
19:04:22   ├─ /de/knowledge/power-metal/index.html (+8ms) 
19:04:22   ├─ /de/knowledge/power-pop/index.html (+14ms) 
19:04:22   ├─ /de/knowledge/power-walk/index.html (+8ms) 
19:04:22   ├─ /de/knowledge/progressive-house/index.html (+14ms) 
19:04:22   ├─ /de/knowledge/progressive-metal/index.html (+8ms) 
19:04:22   ├─ /de/knowledge/psych-rock/index.html (+8ms) 
19:04:22   ├─ /de/knowledge/punk/index.html (+13ms) 
19:04:22   ├─ /de/knowledge/rb/index.html (+8ms) 
19:04:22   ├─ /de/knowledge/rainy-day/index.html (+7ms) 
19:04:22   ├─ /de/knowledge/reggae/index.html (+13ms) 
19:04:22   ├─ /de/knowledge/reggaeton/index.html (+8ms) 
19:04:22   ├─ /de/knowledge/relaxed/index.html (+11ms) 
19:04:22   ├─ /de/knowledge/road-trip/index.html (+8ms) 
19:04:22   ├─ /de/knowledge/rock-n-roll/index.html (+7ms) 
19:04:22   ├─ /de/knowledge/rock/index.html (+13ms) 
19:04:22   ├─ /de/knowledge/rockabilly/index.html (+7ms) 
19:04:22   ├─ /de/knowledge/romantic/index.html (+6ms) 
19:04:22   ├─ /de/knowledge/running-playlist/index.html (+12ms) 
19:04:22   ├─ /de/knowledge/russian/index.html (+7ms) 
19:04:22   ├─ /de/knowledge/sad/index.html (+12ms) 
19:04:22   ├─ /de/knowledge/salsa/index.html (+6ms) 
19:04:22   ├─ /de/knowledge/samba/index.html (+6ms) 
19:04:22   ├─ /de/knowledge/screamo/index.html (+12ms) 
19:04:22   ├─ /de/knowledge/sertanejo/index.html (+8ms) 
19:04:22   ├─ /de/knowledge/shoegaze/index.html (+6ms) 
19:04:22   ├─ /de/knowledge/ska/index.html (+12ms) 
19:04:22   ├─ /de/knowledge/sleep-soundly/index.html (+6ms) 
19:04:22   ├─ /de/knowledge/sludge-metal/index.html (+13ms) 
19:04:22   ├─ /de/knowledge/smooth-jazz/index.html (+8ms) 
19:04:22   ├─ /de/knowledge/songwriter/index.html (+8ms) 
19:04:22   ├─ /de/knowledge/soul/index.html (+14ms) 
19:04:22   ├─ /de/knowledge/soundtrack/index.html (+9ms) 
19:04:22   ├─ /de/knowledge/spanish/index.html (+8ms) 
19:04:22   ├─ /de/knowledge/speed-metal/index.html (+15ms) 
19:04:22   ├─ /de/knowledge/spring-awakening/index.html (+8ms) 
19:04:22   ├─ /de/knowledge/stoner-metal/index.html (+13ms) 
19:04:22   ├─ /de/knowledge/study-session/index.html (+8ms) 
19:04:22   ├─ /de/knowledge/summer-hits/index.html (+8ms) 
19:04:22   ├─ /de/knowledge/sunset-vibes/index.html (+18ms) 
19:04:22   ├─ /de/knowledge/surf-rock/index.html (+8ms) 
19:04:22   ├─ /de/knowledge/swedish/index.html (+8ms) 
19:04:22   ├─ /de/knowledge/swing/index.html (+14ms) 
19:04:22   ├─ /de/knowledge/swiss/index.html (+7ms) 
19:04:22   ├─ /de/knowledge/symphonic-black-metal/index.html (+14ms) 
19:04:22   ├─ /de/knowledge/symphonic-metal/index.html (+8ms) 
19:04:22   ├─ /de/knowledge/synth-pop/index.html (+7ms) 
19:04:22   ├─ /de/knowledge/synthwave/index.html (+15ms) 
19:04:22   ├─ /de/knowledge/tango/index.html (+7ms) 
19:04:22   ├─ /de/knowledge/technical-death-metal/index.html (+6ms) 
19:04:22   ├─ /de/knowledge/techno/index.html (+12ms) 
19:04:22   ├─ /de/knowledge/thrash-metal/index.html (+7ms) 
19:04:22   ├─ /de/knowledge/trance/index.html (+11ms) 
19:04:22   ├─ /de/knowledge/trap/index.html (+10ms) 
19:04:22   ├─ /de/knowledge/trip-hop/index.html (+8ms) 
19:04:22   ├─ /de/knowledge/turkish/index.html (+14ms) 
19:04:22   ├─ /de/knowledge/ukrainian/index.html (+9ms) 
19:04:22   ├─ /de/knowledge/uplifting/index.html (+7ms) 
19:04:22   ├─ /de/knowledge/valentines-day/index.html (+15ms) 
19:04:22   ├─ /de/knowledge/vaporwave/index.html (+7ms) 
19:04:22   ├─ /de/knowledge/viking-metal/index.html (+13ms) 
19:04:23   ├─ /de/knowledge/winter-vibes/index.html (+8ms) 
19:04:23   ├─ /de/knowledge/winter-wonderland/index.html (+7ms) 
19:04:23   ├─ /de/knowledge/workout-motivation/index.html (+14ms) 
19:04:23   ├─ /es/knowledge/1960s/index.html (+7ms) 
19:04:23   ├─ /es/knowledge/1950s/index.html (+6ms) 
19:04:23   ├─ /es/knowledge/1970s/index.html (+13ms) 
19:04:23   ├─ /es/knowledge/1980s/index.html (+6ms) 
19:04:23   ├─ /es/knowledge/1990s/index.html (+5ms) 
19:04:23   ├─ /es/knowledge/2000s/index.html (+6ms) 
19:04:23   ├─ /es/knowledge/2010s/index.html (+12ms) 
19:04:23   ├─ /es/knowledge/acoustic-metal/index.html (+6ms) 
19:04:23   ├─ /es/knowledge/afrobeat/index.html (+5ms) 
19:04:23   ├─ /es/knowledge/after-work-chill/index.html (+11ms) 
19:04:23   ├─ /es/knowledge/alternative-metal/index.html (+5ms) 
19:04:23   ├─ /es/knowledge/alternative-rock/index.html (+6ms) 
19:04:23   ├─ /es/knowledge/ambient-metal/index.html (+5ms) 
19:04:23   ├─ /es/knowledge/ambient/index.html (+16ms) 
19:04:23   ├─ /es/knowledge/angry/index.html (+5ms) 
19:04:23   ├─ /es/knowledge/argentinian/index.html (+5ms) 
19:04:23   ├─ /es/knowledge/austrian/index.html (+12ms) 
19:04:23   ├─ /es/knowledge/autumn-chill/index.html (+7ms) 
19:04:23   ├─ /es/knowledge/autumn-leaves/index.html (+7ms) 
19:04:23   ├─ /es/knowledge/avant-garde-metal/index.html (+6ms) 
19:04:23   ├─ /es/knowledge/back-to-school/index.html (+13ms) 
19:04:23   ├─ /es/knowledge/backyard-bbq/index.html (+8ms) 
19:04:23   ├─ /es/knowledge/beach-day/index.html (+7ms) 
19:04:23   ├─ /es/knowledge/belgian/index.html (+13ms) 
19:04:23   ├─ /es/knowledge/black-metal/index.html (+7ms) 
19:04:23   ├─ /es/knowledge/blackened-death-metal/index.html (+6ms) 
19:04:23   ├─ /es/knowledge/bluegrass/index.html (+7ms) 
19:04:23   ├─ /es/knowledge/blues/index.html (+11ms) 
19:04:23   ├─ /es/knowledge/bossa-nova/index.html (+5ms) 
19:04:23   ├─ /es/knowledge/brazilian/index.html (+4ms) 
19:04:23   ├─ /es/knowledge/breakbeat/index.html (+11ms) 
19:04:23   ├─ /es/knowledge/cantopop/index.html (+5ms) 
19:04:23   ├─ /es/knowledge/british/index.html (+6ms) 
19:04:23   ├─ /es/knowledge/chicago-house/index.html (+6ms) 
19:04:23   ├─ /es/knowledge/children/index.html (+14ms) 
19:04:23   ├─ /es/knowledge/celtic-metal/index.html (+6ms) 
19:04:23   ├─ /es/knowledge/christian-metal/index.html (+6ms) 
19:04:23   ├─ /es/knowledge/chamber-metal/index.html (+11ms) 
19:04:23   ├─ /es/knowledge/christmas-classics/index.html (+8ms) 
19:04:23   ├─ /es/knowledge/classic-heavy-metal/index.html (+6ms) 
19:04:23   ├─ /es/knowledge/classic-rock/index.html (+5ms) 
19:04:23   ├─ /es/knowledge/classical/index.html (+12ms) 
19:04:23   ├─ /es/knowledge/club/index.html (+5ms) 
19:04:23   ├─ /es/knowledge/colombian/index.html (+7ms) 
19:04:23   ├─ /es/knowledge/commute-companion/index.html (+12ms) 
19:04:23   ├─ /es/knowledge/cooking-soundtrack/index.html (+7ms) 
19:04:23   ├─ /es/knowledge/coregrind/index.html (+5ms) 
19:04:23   ├─ /es/knowledge/country/index.html (+7ms) 
19:04:23   ├─ /es/knowledge/crossover-thrash/index.html (+24ms) 
19:04:23   ├─ /es/knowledge/cozy-evening/index.html (+7ms) 
19:04:23   ├─ /es/knowledge/cuban/index.html (+6ms) 
19:04:23   ├─ /es/knowledge/cyber-metal/index.html (+13ms) 
19:04:23   ├─ /es/knowledge/czech/index.html (+15ms) 
19:04:23   ├─ /es/knowledge/dancehall/index.html (+6ms) 
19:04:23   ├─ /es/knowledge/danish/index.html (+7ms) 
19:04:23   ├─ /es/knowledge/dark-metal/index.html (+13ms) 
19:04:23   ├─ /es/knowledge/date-night/index.html (+5ms) 
19:04:23   ├─ /es/knowledge/death-metal/index.html (+6ms) 
19:04:23   ├─ /es/knowledge/deep-house/index.html (+10ms) 
19:04:23   ├─ /es/knowledge/desert-rock/index.html (+7ms) 
19:04:23   ├─ /es/knowledge/detroit-techno/index.html (+5ms) 
19:04:23   ├─ /es/knowledge/deutschrock/index.html (+5ms) 
19:04:23   ├─ /es/knowledge/dinner-party/index.html (+12ms) 
19:04:23   ├─ /es/knowledge/disco-fever/index.html (+6ms) 
19:04:23   ├─ /es/knowledge/doom-metal/index.html (+7ms) 
19:04:23   ├─ /es/knowledge/dramatic/index.html (+12ms) 
19:04:23   ├─ /es/knowledge/dreamy/index.html (+7ms) 
19:04:23   ├─ /es/knowledge/drum-and-bass/index.html (+5ms) 
19:04:23   ├─ /es/knowledge/dutch/index.html (+6ms) 
19:04:23   ├─ /es/knowledge/energetic/index.html (+12ms) 
19:04:23   ├─ /es/knowledge/eurodance/index.html (+6ms) 
19:04:23   ├─ /es/knowledge/experimental-metal/index.html (+5ms) 
19:04:23   ├─ /es/knowledge/female-blues-legends/index.html (+12ms) 
19:04:23   ├─ /es/knowledge/female-country-stars/index.html (+6ms) 
19:04:23   ├─ /es/knowledge/female-djs/index.html (+6ms) 
19:04:23   ├─ /es/knowledge/female-grunge-artists/index.html (+11ms) 
19:04:23   ├─ /es/knowledge/female-hip-hop-artists/index.html (+9ms) 
19:04:23   ├─ /es/knowledge/female-jazz-vocalists/index.html (+8ms) 
19:04:23   ├─ /es/knowledge/female-pop-superstars/index.html (+13ms) 
19:04:23   ├─ /es/knowledge/female-rb-divas/index.html (+7ms) 
19:04:23   ├─ /es/knowledge/female-rappers/index.html (+7ms) 
19:04:23   ├─ /es/knowledge/female-soul-legends/index.html (+6ms) 
19:04:23   ├─ /es/knowledge/female-rock-metal-vocalists/index.html (+13ms) 
19:04:23   ├─ /es/knowledge/female-vocal-icons/index.html (+6ms) 
19:04:23   ├─ /es/knowledge/festival-season/index.html (+7ms) 
19:04:23   ├─ /es/knowledge/film-music/index.html (+13ms) 
19:04:23   ├─ /es/knowledge/focus--concentration/index.html (+8ms) 
19:04:23   ├─ /es/knowledge/finnish/index.html (+7ms) 
19:04:23   ├─ /es/knowledge/folk-metal/index.html (+7ms) 
19:04:23   ├─ /es/knowledge/folk/index.html (+12ms) 
19:04:23   ├─ /es/knowledge/forró/index.html (+6ms) 
19:04:23   ├─ /es/knowledge/french/index.html (+6ms) 
19:04:23   ├─ /es/knowledge/funeral-doom-metal/index.html (+12ms) 
19:04:23   ├─ /es/knowledge/funk/index.html (+6ms) 
19:04:23   ├─ /es/knowledge/gaming-session/index.html (+7ms) 
19:04:23   ├─ /es/knowledge/garage/index.html (+6ms) 
19:04:23   ├─ /es/knowledge/german-rap/index.html (+12ms) 
19:04:23   ├─ /es/knowledge/german/index.html (+5ms) 
19:04:23   ├─ /es/knowledge/german-schlager/index.html (+5ms) 
19:04:23   ├─ /es/knowledge/gospel/index.html (+11ms) 
19:04:23   ├─ /es/knowledge/gothic-metal/index.html (+7ms) 
19:04:23   ├─ /es/knowledge/gothic/index.html (+6ms) 
19:04:23   ├─ /es/knowledge/grindcore/index.html (+5ms) 
19:04:23   ├─ /es/knowledge/groove-metal/index.html (+13ms) 
19:04:23   ├─ /es/knowledge/groove/index.html (+5ms) 
19:04:23   ├─ /es/knowledge/grunge/index.html (+7ms) 
19:04:23   ├─ /es/knowledge/guitar/index.html (+12ms) 
19:04:23   ├─ /es/knowledge/hair-metal/index.html (+7ms) 
19:04:23   ├─ /es/knowledge/halloween-spooky-tunes/index.html (+6ms) 
19:04:23   ├─ /es/knowledge/happy/index.html (+6ms) 
19:04:23   ├─ /es/knowledge/hard-rock/index.html (+13ms) 
19:04:23   ├─ /es/knowledge/hardstyle/index.html (+6ms) 
19:04:23   ├─ /es/knowledge/hawaiian/index.html (+6ms) 
19:04:23   ├─ /es/knowledge/heavy-metal/index.html (+12ms) 
19:04:23   ├─ /es/knowledge/heavy-psych/index.html (+7ms) 
19:04:23   ├─ /es/knowledge/hip-hop/index.html (+7ms) 
19:04:23   ├─ /es/knowledge/holiday/index.html (+6ms) 
19:04:23   ├─ /es/knowledge/horror-metal/index.html (+14ms) 
19:04:23   ├─ /es/knowledge/hopeful/index.html (+6ms) 
19:04:23   ├─ /es/knowledge/house/index.html (+6ms) 
19:04:24   ├─ /es/knowledge/icelandic/index.html (+11ms) 
19:04:24   ├─ /es/knowledge/indian/index.html (+6ms) 
19:04:24   ├─ /es/knowledge/indie-pop/index.html (+6ms) 
19:04:24   ├─ /es/knowledge/indie/index.html (+5ms) 
19:04:24   ├─ /es/knowledge/industrial-metal/index.html (+12ms) 
19:04:24   ├─ /es/knowledge/industrial/index.html (+6ms) 
19:04:24   ├─ /es/knowledge/intense/index.html (+6ms) 
19:04:24   ├─ /es/knowledge/iranian/index.html (+12ms) 
19:04:24   ├─ /es/knowledge/irish/index.html (+7ms) 
19:04:24   ├─ /es/knowledge/j-dance/index.html (+6ms) 
19:04:24   ├─ /es/knowledge/j-pop/index.html (+7ms) 
19:04:24   ├─ /es/knowledge/j-rock/index.html (+11ms) 
19:04:24   ├─ /es/knowledge/jazz-metal/index.html (+7ms) 
19:04:24   ├─ /es/knowledge/jazz/index.html (+6ms) 
19:04:24   ├─ /es/knowledge/k-pop/index.html (+12ms) 
19:04:24   ├─ /es/knowledge/krautrock/index.html (+7ms) 
19:04:24   ├─ /es/knowledge/latin-american/index.html (+7ms) 
19:04:24   ├─ /es/knowledge/latin-vibes/index.html (+6ms) 
19:04:24   ├─ /es/knowledge/lazy-sunday/index.html (+14ms) 
19:04:24   ├─ /es/knowledge/mandopop/index.html (+6ms) 
19:04:24   ├─ /es/knowledge/math-metal/index.html (+6ms) 
19:04:24   ├─ /es/knowledge/meditation--yoga/index.html (+12ms) 
19:04:24   ├─ /es/knowledge/melancholic/index.html (+7ms) 
19:04:24   ├─ /es/knowledge/melodic-death-metal/index.html (+5ms) 
19:04:24   ├─ /es/knowledge/metalcore/index.html (+5ms) 
19:04:24   ├─ /es/knowledge/mexican/index.html (+12ms) 
19:04:24   ├─ /es/knowledge/morning-coffee/index.html (+7ms) 
19:04:24   ├─ /es/knowledge/neo-classical-metal/index.html (+6ms) 
19:04:24   ├─ /es/knowledge/new-age/index.html (+12ms) 
19:04:24   ├─ /es/knowledge/new-wave-of-british-heavy-metal/index.html (+7ms) 
19:04:24   ├─ /es/knowledge/night-drive/index.html (+7ms) 
19:04:24   ├─ /es/knowledge/noise-metal/index.html (+6ms) 
19:04:24   ├─ /es/knowledge/nostalgic/index.html (+12ms) 
19:04:24   ├─ /es/knowledge/nu-metal/index.html (+6ms) 
19:04:24   ├─ /es/knowledge/opera/index.html (+6ms) 
19:04:24   ├─ /es/knowledge/party-on/index.html (+11ms) 
19:04:24   ├─ /es/knowledge/peaceful/index.html (+6ms) 
19:04:24   ├─ /es/knowledge/peruvian/index.html (+7ms) 
19:04:24   ├─ /es/knowledge/piano/index.html (+6ms) 
19:04:24   ├─ /es/knowledge/polish/index.html (+11ms) 
19:04:24   ├─ /es/knowledge/pop/index.html (+5ms) 
19:04:24   ├─ /es/knowledge/poprock/index.html (+5ms) 
19:04:24   ├─ /es/knowledge/post-hardcore/index.html (+11ms) 
19:04:24   ├─ /es/knowledge/post-metal/index.html (+6ms) 
19:04:24   ├─ /es/knowledge/power-metal/index.html (+6ms) 
19:04:24   ├─ /es/knowledge/power-pop/index.html (+7ms) 
19:04:24   ├─ /es/knowledge/power-walk/index.html (+12ms) 
19:04:24   ├─ /es/knowledge/progressive-metal/index.html (+5ms) 
19:04:24   ├─ /es/knowledge/psych-rock/index.html (+7ms) 
19:04:24   ├─ /es/knowledge/punk/index.html (+13ms) 
19:04:24   ├─ /es/knowledge/rb/index.html (+9ms) 
19:04:24   ├─ /es/knowledge/rainy-day/index.html (+8ms) 
19:04:24   ├─ /es/knowledge/reggae/index.html (+7ms) 
19:04:24   ├─ /es/knowledge/reggaeton/index.html (+14ms) 
19:04:24   ├─ /es/knowledge/relaxed/index.html (+6ms) 
19:04:24   ├─ /es/knowledge/road-trip/index.html (+7ms) 
19:04:24   ├─ /es/knowledge/rock-n-roll/index.html (+13ms) 
19:04:24   ├─ /es/knowledge/rock/index.html (+8ms) 
19:04:24   ├─ /es/knowledge/rockabilly/index.html (+6ms) 
19:04:24   ├─ /es/knowledge/romantic/index.html (+7ms) 
19:04:24   ├─ /es/knowledge/running-playlist/index.html (+12ms) 
19:04:24   ├─ /es/knowledge/russian/index.html (+7ms) 
19:04:24   ├─ /es/knowledge/salsa/index.html (+7ms) 
19:04:24   ├─ /es/knowledge/sad/index.html (+11ms) 
19:04:24   ├─ /es/knowledge/samba/index.html (+6ms) 
19:04:24   ├─ /es/knowledge/screamo/index.html (+6ms) 
19:04:24   ├─ /es/knowledge/sertanejo/index.html (+6ms) 
19:04:24   ├─ /es/knowledge/ska/index.html (+13ms) 
19:04:24   ├─ /es/knowledge/sleep-soundly/index.html (+6ms) 
19:04:24   ├─ /es/knowledge/sludge-metal/index.html (+6ms) 
19:04:24   ├─ /es/knowledge/songwriter/index.html (+11ms) 
19:04:24   ├─ /es/knowledge/soul/index.html (+7ms) 
19:04:24   ├─ /es/knowledge/spanish/index.html (+7ms) 
19:04:24   ├─ /es/knowledge/speed-metal/index.html (+6ms) 
19:04:24   ├─ /es/knowledge/spring-awakening/index.html (+12ms) 
19:04:24   ├─ /es/knowledge/stoner-metal/index.html (+7ms) 
19:04:24   ├─ /es/knowledge/study-session/index.html (+6ms) 
19:04:24   ├─ /es/knowledge/summer-hits/index.html (+14ms) 
19:04:24   ├─ /es/knowledge/sunset-vibes/index.html (+6ms) 
19:04:24   ├─ /es/knowledge/swedish/index.html (+5ms) 
19:04:24   ├─ /es/knowledge/swiss/index.html (+6ms) 
19:04:24   ├─ /es/knowledge/symphonic-black-metal/index.html (+11ms) 
19:04:24   ├─ /es/knowledge/symphonic-metal/index.html (+7ms) 
19:04:24   ├─ /es/knowledge/synth-pop/index.html (+7ms) 
19:04:24   ├─ /es/knowledge/tango/index.html (+13ms) 
19:04:24   ├─ /es/knowledge/technical-death-metal/index.html (+8ms) 
19:04:24   ├─ /es/knowledge/techno/index.html (+6ms) 
19:04:24   ├─ /es/knowledge/thrash-metal/index.html (+7ms) 
19:04:24   ├─ /es/knowledge/trance/index.html (+13ms) 
19:04:24   ├─ /es/knowledge/turkish/index.html (+6ms) 
19:04:24   ├─ /es/knowledge/trip-hop/index.html (+6ms) 
19:04:24   ├─ /es/knowledge/uplifting/index.html (+12ms) 
19:04:24   ├─ /es/knowledge/valentines-day/index.html (+8ms) 
19:04:24   ├─ /es/knowledge/ukrainian/index.html (+6ms) 
19:04:24   ├─ /es/knowledge/viking-metal/index.html (+6ms) 
19:04:24   ├─ /es/knowledge/winter-vibes/index.html (+12ms) 
19:04:24   ├─ /es/knowledge/winter-wonderland/index.html (+6ms) 
19:04:24   ├─ /es/knowledge/workout-motivation/index.html (+5ms) 
19:04:24   ├─ /it/knowledge/1960s/index.html (+12ms) 
19:04:24   ├─ /it/knowledge/1950s/index.html (+7ms) 
19:04:24   ├─ /it/knowledge/1970s/index.html (+6ms) 
19:04:24   ├─ /it/knowledge/1980s/index.html (+5ms) 
19:04:24   ├─ /it/knowledge/1990s/index.html (+12ms) 
19:04:24   ├─ /it/knowledge/2010s/index.html (+5ms) 
19:04:24   ├─ /it/knowledge/2000s/index.html (+5ms) 
19:04:24   ├─ /it/knowledge/acoustic-metal/index.html (+6ms) 
19:04:24   ├─ /it/knowledge/afrobeat/index.html (+11ms) 
19:04:24   ├─ /it/knowledge/after-work-chill/index.html (+6ms) 
19:04:24   ├─ /it/knowledge/alternative-metal/index.html (+6ms) 
19:04:24   ├─ /it/knowledge/alternative-rock/index.html (+13ms) 
19:04:24   ├─ /it/knowledge/ambient-metal/index.html (+6ms) 
19:04:24   ├─ /it/knowledge/ambient/index.html (+7ms) 
19:04:24   ├─ /it/knowledge/argentinian/index.html (+6ms) 
19:04:24   ├─ /it/knowledge/autumn-chill/index.html (+12ms) 
19:04:24   ├─ /it/knowledge/austrian/index.html (+6ms) 
19:04:24   ├─ /it/knowledge/autumn-leaves/index.html (+7ms) 
19:04:24   ├─ /it/knowledge/avant-garde-metal/index.html (+7ms) 
19:04:24   ├─ /it/knowledge/angry/index.html (+12ms) 
19:04:24   ├─ /it/knowledge/back-to-school/index.html (+6ms) 
19:04:24   ├─ /it/knowledge/backyard-bbq/index.html (+6ms) 
19:04:24   ├─ /it/knowledge/beach-day/index.html (+13ms) 
19:04:24   ├─ /it/knowledge/belgian/index.html (+7ms) 
19:04:24   ├─ /it/knowledge/black-metal/index.html (+6ms) 
19:04:24   ├─ /it/knowledge/blackened-death-metal/index.html (+6ms) 
19:04:25   ├─ /it/knowledge/bluegrass/index.html (+12ms) 
19:04:25   ├─ /it/knowledge/blues/index.html (+5ms) 
19:04:25   ├─ /it/knowledge/bossa-nova/index.html (+6ms) 
19:04:25   ├─ /it/knowledge/brazilian/index.html (+12ms) 
19:04:25   ├─ /it/knowledge/breakbeat/index.html (+7ms) 
19:04:25   ├─ /it/knowledge/british/index.html (+5ms) 
19:04:25   ├─ /it/knowledge/cantopop/index.html (+6ms) 
19:04:25   ├─ /it/knowledge/celtic-metal/index.html (+13ms) 
19:04:25   ├─ /it/knowledge/chamber-metal/index.html (+6ms) 
19:04:25   ├─ /it/knowledge/children/index.html (+6ms) 
19:04:25   ├─ /it/knowledge/chicago-house/index.html (+7ms) 
19:04:25   ├─ /it/knowledge/christian-metal/index.html (+12ms) 
19:04:25   ├─ /it/knowledge/christmas-classics/index.html (+5ms) 
19:04:25   ├─ /it/knowledge/classic-heavy-metal/index.html (+6ms) 
19:04:25   ├─ /it/knowledge/classic-rock/index.html (+13ms) 
19:04:25   ├─ /it/knowledge/classical/index.html (+6ms) 
19:04:25   ├─ /it/knowledge/club/index.html (+7ms) 
19:04:25   ├─ /it/knowledge/colombian/index.html (+6ms) 
19:04:25   ├─ /it/knowledge/commute-companion/index.html (+12ms) 
19:04:25   ├─ /it/knowledge/cooking-soundtrack/index.html (+6ms) 
19:04:25   ├─ /it/knowledge/coregrind/index.html (+7ms) 
19:04:25   ├─ /it/knowledge/country/index.html (+6ms) 
19:04:25   ├─ /it/knowledge/cozy-evening/index.html (+13ms) 
19:04:25   ├─ /it/knowledge/crossover-thrash/index.html (+7ms) 
19:04:25   ├─ /it/knowledge/cuban/index.html (+5ms) 
19:04:25   ├─ /it/knowledge/cyber-metal/index.html (+12ms) 
19:04:25   ├─ /it/knowledge/czech/index.html (+7ms) 
19:04:25   ├─ /it/knowledge/dancehall/index.html (+7ms) 
19:04:25   ├─ /it/knowledge/danish/index.html (+6ms) 
19:04:25   ├─ /it/knowledge/dark-metal/index.html (+14ms) 
19:04:25   ├─ /it/knowledge/date-night/index.html (+6ms) 
19:04:25   ├─ /it/knowledge/death-metal/index.html (+6ms) 
19:04:25   ├─ /it/knowledge/deep-house/index.html (+12ms) 
19:04:25   ├─ /it/knowledge/desert-rock/index.html (+7ms) 
19:04:25   ├─ /it/knowledge/detroit-techno/index.html (+6ms) 
19:04:25   ├─ /it/knowledge/deutschrock/index.html (+6ms) 
19:04:25   ├─ /it/knowledge/dinner-party/index.html (+15ms) 
19:04:25   ├─ /it/knowledge/disco-fever/index.html (+6ms) 
19:04:25   ├─ /it/knowledge/doom-metal/index.html (+6ms) 
19:04:25   ├─ /it/knowledge/dramatic/index.html (+6ms) 
19:04:25   ├─ /it/knowledge/dreamy/index.html (+10ms) 
19:04:25   ├─ /it/knowledge/drum-and-bass/index.html (+6ms) 
19:04:25   ├─ /it/knowledge/dutch/index.html (+5ms) 
19:04:25   ├─ /it/knowledge/energetic/index.html (+6ms) 
19:04:25   ├─ /it/knowledge/experimental-metal/index.html (+14ms) 
19:04:25   ├─ /it/knowledge/eurodance/index.html (+6ms) 
19:04:25   ├─ /it/knowledge/female-blues-legends/index.html (+7ms) 
19:04:25   ├─ /it/knowledge/female-djs/index.html (+12ms) 
19:04:25   ├─ /it/knowledge/female-country-stars/index.html (+6ms) 
19:04:25   ├─ /it/knowledge/female-grunge-artists/index.html (+5ms) 
19:04:25   ├─ /it/knowledge/female-hip-hop-artists/index.html (+7ms) 
19:04:25   ├─ /it/knowledge/female-jazz-vocalists/index.html (+11ms) 
19:04:25   ├─ /it/knowledge/female-pop-superstars/index.html (+6ms) 
19:04:25   ├─ /it/knowledge/female-rb-divas/index.html (+6ms) 
19:04:25   ├─ /it/knowledge/female-rock-metal-vocalists/index.html (+13ms) 
19:04:25   ├─ /it/knowledge/female-rappers/index.html (+7ms) 
19:04:25   ├─ /it/knowledge/female-soul-legends/index.html (+6ms) 
19:04:25   ├─ /it/knowledge/female-vocal-icons/index.html (+6ms) 
19:04:25   ├─ /it/knowledge/festival-season/index.html (+13ms) 
19:04:25   ├─ /it/knowledge/film-music/index.html (+6ms) 
19:04:25   ├─ /it/knowledge/finnish/index.html (+6ms) 
19:04:25   ├─ /it/knowledge/focus--concentration/index.html (+7ms) 
19:04:25   ├─ /it/knowledge/folk-metal/index.html (+14ms) 
19:04:25   ├─ /it/knowledge/folk/index.html (+6ms) 
19:04:25   ├─ /it/knowledge/forró/index.html (+6ms) 
19:04:25   ├─ /it/knowledge/french/index.html (+11ms) 
19:04:25   ├─ /it/knowledge/funeral-doom-metal/index.html (+6ms) 
19:04:25   ├─ /it/knowledge/funk/index.html (+6ms) 
19:04:25   ├─ /it/knowledge/gaming-session/index.html (+5ms) 
19:04:25   ├─ /it/knowledge/garage/index.html (+12ms) 
19:04:25   ├─ /it/knowledge/german-rap/index.html (+6ms) 
19:04:25   ├─ /it/knowledge/german-schlager/index.html (+5ms) 
19:04:25   ├─ /it/knowledge/german/index.html (+5ms) 
19:04:25   ├─ /it/knowledge/gospel/index.html (+10ms) 
19:04:25   ├─ /it/knowledge/gothic-metal/index.html (+6ms) 
19:04:25   ├─ /it/knowledge/gothic/index.html (+6ms) 
19:04:25   ├─ /it/knowledge/grindcore/index.html (+11ms) 
19:04:25   ├─ /it/knowledge/groove-metal/index.html (+6ms) 
19:04:25   ├─ /it/knowledge/groove/index.html (+5ms) 
19:04:25   ├─ /it/knowledge/grunge/index.html (+6ms) 
19:04:25   ├─ /it/knowledge/guitar/index.html (+11ms) 
19:04:25   ├─ /it/knowledge/hair-metal/index.html (+6ms) 
19:04:25   ├─ /it/knowledge/halloween-spooky-tunes/index.html (+5ms) 
19:04:25   ├─ /it/knowledge/happy/index.html (+5ms) 
19:04:25   ├─ /it/knowledge/hard-rock/index.html (+11ms) 
19:04:25   ├─ /it/knowledge/hardstyle/index.html (+5ms) 
19:04:25   ├─ /it/knowledge/hawaiian/index.html (+6ms) 
19:04:25   ├─ /it/knowledge/heavy-psych/index.html (+12ms) 
19:04:25   ├─ /it/knowledge/heavy-metal/index.html (+8ms) 
19:04:25   ├─ /it/knowledge/hip-hop/index.html (+6ms) 
19:04:25   ├─ /it/knowledge/holiday/index.html (+6ms) 
19:04:25   ├─ /it/knowledge/hopeful/index.html (+11ms) 
19:04:25   ├─ /it/knowledge/horror-metal/index.html (+8ms) 
19:04:25   ├─ /it/knowledge/house/index.html (+5ms) 
19:04:25   ├─ /it/knowledge/icelandic/index.html (+5ms) 
19:04:25   ├─ /it/knowledge/indian/index.html (+12ms) 
19:04:25   ├─ /it/knowledge/indie-pop/index.html (+6ms) 
19:04:25   ├─ /it/knowledge/indie/index.html (+6ms) 
19:04:25   ├─ /it/knowledge/industrial-metal/index.html (+5ms) 
19:04:25   ├─ /it/knowledge/industrial/index.html (+11ms) 
19:04:25   ├─ /it/knowledge/intense/index.html (+5ms) 
19:04:25   ├─ /it/knowledge/iranian/index.html (+7ms) 
19:04:25   ├─ /it/knowledge/irish/index.html (+11ms) 
19:04:25   ├─ /it/knowledge/j-dance/index.html (+6ms) 
19:04:25   ├─ /it/knowledge/j-pop/index.html (+7ms) 
19:04:25   ├─ /it/knowledge/j-rock/index.html (+6ms) 
19:04:25   ├─ /it/knowledge/jazz-metal/index.html (+12ms) 
19:04:25   ├─ /it/knowledge/jazz/index.html (+7ms) 
19:04:25   ├─ /it/knowledge/k-pop/index.html (+6ms) 
19:04:25   ├─ /it/knowledge/krautrock/index.html (+7ms) 
19:04:25   ├─ /it/knowledge/latin-vibes/index.html (+12ms) 
19:04:25   ├─ /it/knowledge/latin-american/index.html (+5ms) 
19:04:25   ├─ /it/knowledge/lazy-sunday/index.html (+6ms) 
19:04:25   ├─ /it/knowledge/mandopop/index.html (+10ms) 
19:04:25   ├─ /it/knowledge/math-metal/index.html (+8ms) 
19:04:25   ├─ /it/knowledge/meditation--yoga/index.html (+6ms) 
19:04:25   ├─ /it/knowledge/melancholic/index.html (+6ms) 
19:04:25   ├─ /it/knowledge/melodic-death-metal/index.html (+12ms) 
19:04:25   ├─ /it/knowledge/metalcore/index.html (+7ms) 
19:04:25   ├─ /it/knowledge/mexican/index.html (+6ms) 
19:04:25   ├─ /it/knowledge/morning-coffee/index.html (+7ms) 
19:04:25   ├─ /it/knowledge/neo-classical-metal/index.html (+13ms) 
19:04:25   ├─ /it/knowledge/new-age/index.html (+7ms) 
19:04:25   ├─ /it/knowledge/new-wave-of-british-heavy-metal/index.html (+5ms) 
19:04:25   ├─ /it/knowledge/night-drive/index.html (+12ms) 
19:04:25   ├─ /it/knowledge/noise-metal/index.html (+6ms) 
19:04:25   ├─ /it/knowledge/nostalgic/index.html (+6ms) 
19:04:25   ├─ /it/knowledge/nu-metal/index.html (+6ms) 
19:04:25   ├─ /it/knowledge/opera/index.html (+14ms) 
19:04:26   ├─ /it/knowledge/party-on/index.html (+7ms) 
19:04:26   ├─ /it/knowledge/peaceful/index.html (+7ms) 
19:04:26   ├─ /it/knowledge/peruvian/index.html (+6ms) 
19:04:26   ├─ /it/knowledge/piano/index.html (+13ms) 
19:04:26   ├─ /it/knowledge/polish/index.html (+6ms) 
19:04:26   ├─ /it/knowledge/poprock/index.html (+7ms) 
19:04:26   ├─ /it/knowledge/pop/index.html (+5ms) 
19:04:26   ├─ /it/knowledge/post-hardcore/index.html (+13ms) 
19:04:26   ├─ /it/knowledge/post-metal/index.html (+5ms) 
19:04:26   ├─ /it/knowledge/power-metal/index.html (+5ms) 
19:04:26   ├─ /it/knowledge/power-pop/index.html (+12ms) 
19:04:26   ├─ /it/knowledge/power-walk/index.html (+7ms) 
19:04:26   ├─ /it/knowledge/progressive-metal/index.html (+7ms) 
19:04:26   ├─ /it/knowledge/psych-rock/index.html (+5ms) 
19:04:26   ├─ /it/knowledge/punk/index.html (+14ms) 
19:04:26   ├─ /it/knowledge/rb/index.html (+6ms) 
19:04:26   ├─ /it/knowledge/rainy-day/index.html (+7ms) 
19:04:26   ├─ /it/knowledge/reggae/index.html (+6ms) 
19:04:26   ├─ /it/knowledge/reggaeton/index.html (+13ms) 
19:04:26   ├─ /it/knowledge/relaxed/index.html (+5ms) 
19:04:26   ├─ /it/knowledge/road-trip/index.html (+7ms) 
19:04:26   ├─ /it/knowledge/rock-n-roll/index.html (+12ms) 
19:04:26   ├─ /it/knowledge/rock/index.html (+9ms) 
19:04:26   ├─ /it/knowledge/rockabilly/index.html (+6ms) 
19:04:26   ├─ /it/knowledge/romantic/index.html (+7ms) 
19:04:26   ├─ /it/knowledge/running-playlist/index.html (+12ms) 
19:04:26   ├─ /it/knowledge/russian/index.html (+6ms) 
19:04:26   ├─ /it/knowledge/salsa/index.html (+6ms) 
19:04:26   ├─ /it/knowledge/sad/index.html (+6ms) 
19:04:26   ├─ /it/knowledge/samba/index.html (+12ms) 
19:04:26   ├─ /it/knowledge/screamo/index.html (+6ms) 
19:04:26   ├─ /it/knowledge/sertanejo/index.html (+5ms) 
19:04:26   ├─ /it/knowledge/ska/index.html (+10ms) 
19:04:26   ├─ /it/knowledge/sleep-soundly/index.html (+6ms) 
19:04:26   ├─ /it/knowledge/sludge-metal/index.html (+5ms) 
19:04:26   ├─ /it/knowledge/songwriter/index.html (+5ms) 
19:04:26   ├─ /it/knowledge/soul/index.html (+11ms) 
19:04:26   ├─ /it/knowledge/spanish/index.html (+6ms) 
19:04:26   ├─ /it/knowledge/speed-metal/index.html (+6ms) 
19:04:26   ├─ /it/knowledge/spring-awakening/index.html (+6ms) 
19:04:26   ├─ /it/knowledge/stoner-metal/index.html (+13ms) 
19:04:26   ├─ /it/knowledge/study-session/index.html (+6ms) 
19:04:26   ├─ /it/knowledge/summer-hits/index.html (+6ms) 
19:04:26   ├─ /it/knowledge/sunset-vibes/index.html (+5ms) 
19:04:26   ├─ /it/knowledge/swedish/index.html (+11ms) 
19:04:26   ├─ /it/knowledge/swiss/index.html (+5ms) 
19:04:26   ├─ /it/knowledge/symphonic-black-metal/index.html (+5ms) 
19:04:26   ├─ /it/knowledge/symphonic-metal/index.html (+11ms) 
19:04:26   ├─ /it/knowledge/synth-pop/index.html (+6ms) 
19:04:26   ├─ /it/knowledge/tango/index.html (+6ms) 
19:04:26   ├─ /it/knowledge/technical-death-metal/index.html (+6ms) 
19:04:26   ├─ /it/knowledge/techno/index.html (+13ms) 
19:04:26   ├─ /it/knowledge/thrash-metal/index.html (+6ms) 
19:04:26   ├─ /it/knowledge/trance/index.html (+5ms) 
19:04:26   ├─ /it/knowledge/trip-hop/index.html (+6ms) 
19:04:26   ├─ /it/knowledge/turkish/index.html (+14ms) 
19:04:26   ├─ /it/knowledge/ukrainian/index.html (+7ms) 
19:04:26   ├─ /it/knowledge/uplifting/index.html (+6ms) 
19:04:26   ├─ /it/knowledge/valentines-day/index.html (+6ms) 
19:04:26   ├─ /it/knowledge/viking-metal/index.html (+11ms) 
19:04:26   ├─ /it/knowledge/winter-vibes/index.html (+6ms) 
19:04:26   ├─ /it/knowledge/winter-wonderland/index.html (+6ms) 
19:04:26   ├─ /it/knowledge/workout-motivation/index.html (+12ms) 
19:04:26   ├─ /fr/knowledge/1950s/index.html (+7ms) 
19:04:26   ├─ /fr/knowledge/1970s/index.html (+7ms) 
19:04:26   ├─ /fr/knowledge/1960s/index.html (+6ms) 
19:04:26   ├─ /fr/knowledge/1980s/index.html (+12ms) 
19:04:26   ├─ /fr/knowledge/1990s/index.html (+6ms) 
19:04:26   ├─ /fr/knowledge/2000s/index.html (+7ms) 
19:04:26   ├─ /fr/knowledge/acoustic-metal/index.html (+11ms) 
19:04:26   ├─ /fr/knowledge/2010s/index.html (+7ms) 
19:04:26   ├─ /fr/knowledge/afrobeat/index.html (+6ms) 
19:04:26   ├─ /fr/knowledge/after-work-chill/index.html (+6ms) 
19:04:26   ├─ /fr/knowledge/alternative-metal/index.html (+11ms) 
19:04:26   ├─ /fr/knowledge/alternative-rock/index.html (+6ms) 
19:04:26   ├─ /fr/knowledge/ambient-metal/index.html (+7ms) 
19:04:26   ├─ /fr/knowledge/ambient/index.html (+11ms) 
19:04:26   ├─ /fr/knowledge/angry/index.html (+6ms) 
19:04:26   ├─ /fr/knowledge/autumn-chill/index.html (+5ms) 
19:04:26   ├─ /fr/knowledge/argentinian/index.html (+6ms) 
19:04:26   ├─ /fr/knowledge/avant-garde-metal/index.html (+12ms) 
19:04:26   ├─ /fr/knowledge/austrian/index.html (+7ms) 
19:04:26   ├─ /fr/knowledge/autumn-leaves/index.html (+6ms) 
19:04:26   ├─ /fr/knowledge/back-to-school/index.html (+11ms) 
19:04:26   ├─ /fr/knowledge/backyard-bbq/index.html (+7ms) 
19:04:26   ├─ /fr/knowledge/beach-day/index.html (+6ms) 
19:04:26   ├─ /fr/knowledge/belgian/index.html (+6ms) 
19:04:26   ├─ /fr/knowledge/black-metal/index.html (+13ms) 
19:04:26   ├─ /fr/knowledge/blackened-death-metal/index.html (+7ms) 
19:04:26   ├─ /fr/knowledge/bluegrass/index.html (+6ms) 
19:04:26   ├─ /fr/knowledge/blues/index.html (+13ms) 
19:04:26   ├─ /fr/knowledge/bossa-nova/index.html (+8ms) 
19:04:26   ├─ /fr/knowledge/brazilian/index.html (+7ms) 
19:04:26   ├─ /fr/knowledge/british/index.html (+6ms) 
19:04:26   ├─ /fr/knowledge/cantopop/index.html (+13ms) 
19:04:26   ├─ /fr/knowledge/celtic-metal/index.html (+8ms) 
19:04:26   ├─ /fr/knowledge/chamber-metal/index.html (+6ms) 
19:04:26   ├─ /fr/knowledge/chicago-house/index.html (+11ms) 
19:04:26   ├─ /fr/knowledge/children/index.html (+6ms) 
19:04:26   ├─ /fr/knowledge/christian-metal/index.html (+5ms) 
19:04:26   ├─ /fr/knowledge/breakbeat/index.html (+7ms) 
19:04:26   ├─ /fr/knowledge/christmas-classics/index.html (+12ms) 
19:04:26   ├─ /fr/knowledge/classic-heavy-metal/index.html (+6ms) 
19:04:26   ├─ /fr/knowledge/classic-rock/index.html (+6ms) 
19:04:26   ├─ /fr/knowledge/club/index.html (+11ms) 
19:04:26   ├─ /fr/knowledge/classical/index.html (+7ms) 
19:04:26   ├─ /fr/knowledge/colombian/index.html (+7ms) 
19:04:26   ├─ /fr/knowledge/commute-companion/index.html (+6ms) 
19:04:26   ├─ /fr/knowledge/cooking-soundtrack/index.html (+14ms) 
19:04:26   ├─ /fr/knowledge/coregrind/index.html (+7ms) 
19:04:26   ├─ /fr/knowledge/country/index.html (+7ms) 
19:04:26   ├─ /fr/knowledge/cozy-evening/index.html (+13ms) 
19:04:26   ├─ /fr/knowledge/crossover-thrash/index.html (+7ms) 
19:04:26   ├─ /fr/knowledge/cuban/index.html (+6ms) 
19:04:26   ├─ /fr/knowledge/cyber-metal/index.html (+6ms) 
19:04:26   ├─ /fr/knowledge/czech/index.html (+12ms) 
19:04:26   ├─ /fr/knowledge/dancehall/index.html (+6ms) 
19:04:26   ├─ /fr/knowledge/dark-metal/index.html (+7ms) 
19:04:26   ├─ /fr/knowledge/danish/index.html (+13ms) 
19:04:26   ├─ /fr/knowledge/date-night/index.html (+8ms) 
19:04:26   ├─ /fr/knowledge/death-metal/index.html (+6ms) 
19:04:26   ├─ /fr/knowledge/deep-house/index.html (+5ms) 
19:04:26   ├─ /fr/knowledge/desert-rock/index.html (+14ms) 
19:04:26   ├─ /fr/knowledge/detroit-techno/index.html (+7ms) 
19:04:26   ├─ /fr/knowledge/dinner-party/index.html (+6ms) 
19:04:26   ├─ /fr/knowledge/deutschrock/index.html (+12ms) 
19:04:27   ├─ /fr/knowledge/disco-fever/index.html (+6ms) 
19:04:27   ├─ /fr/knowledge/doom-metal/index.html (+6ms) 
19:04:27   ├─ /fr/knowledge/dramatic/index.html (+6ms) 
19:04:27   ├─ /fr/knowledge/dreamy/index.html (+11ms) 
19:04:27   ├─ /fr/knowledge/drum-and-bass/index.html (+6ms) 
19:04:27   ├─ /fr/knowledge/dutch/index.html (+5ms) 
19:04:27   ├─ /fr/knowledge/energetic/index.html (+14ms) 
19:04:27   ├─ /fr/knowledge/eurodance/index.html (+7ms) 
19:04:27   ├─ /fr/knowledge/experimental-metal/index.html (+6ms) 
19:04:27   ├─ /fr/knowledge/female-blues-legends/index.html (+6ms) 
19:04:27   ├─ /fr/knowledge/female-country-stars/index.html (+13ms) 
19:04:27   ├─ /fr/knowledge/female-djs/index.html (+6ms) 
19:04:27   ├─ /fr/knowledge/female-grunge-artists/index.html (+6ms) 
19:04:27   ├─ /fr/knowledge/female-hip-hop-artists/index.html (+11ms) 
19:04:27   ├─ /fr/knowledge/female-jazz-vocalists/index.html (+7ms) 
19:04:27   ├─ /fr/knowledge/female-pop-superstars/index.html (+5ms) 
19:04:27   ├─ /fr/knowledge/female-rb-divas/index.html (+5ms) 
19:04:27   ├─ /fr/knowledge/female-rappers/index.html (+11ms) 
19:04:27   ├─ /fr/knowledge/female-rock-metal-vocalists/index.html (+5ms) 
19:04:27   ├─ /fr/knowledge/female-soul-legends/index.html (+7ms) 
19:04:27   ├─ /fr/knowledge/film-music/index.html (+10ms) 
19:04:27   ├─ /fr/knowledge/female-vocal-icons/index.html (+6ms) 
19:04:27   ├─ /fr/knowledge/festival-season/index.html (+6ms) 
19:04:27   ├─ /fr/knowledge/finnish/index.html (+6ms) 
19:04:27   ├─ /fr/knowledge/focus--concentration/index.html (+14ms) 
19:04:27   ├─ /fr/knowledge/folk-metal/index.html (+6ms) 
19:04:27   ├─ /fr/knowledge/folk/index.html (+6ms) 
19:04:27   ├─ /fr/knowledge/forró/index.html (+11ms) 
19:04:27   ├─ /fr/knowledge/funeral-doom-metal/index.html (+6ms) 
19:04:27   ├─ /fr/knowledge/french/index.html (+5ms) 
19:04:27   ├─ /fr/knowledge/funk/index.html (+6ms) 
19:04:27   ├─ /fr/knowledge/gaming-session/index.html (+12ms) 
19:04:27   ├─ /fr/knowledge/garage/index.html (+6ms) 
19:04:27   ├─ /fr/knowledge/german-rap/index.html (+5ms) 
19:04:27   ├─ /fr/knowledge/german-schlager/index.html (+11ms) 
19:04:27   ├─ /fr/knowledge/german/index.html (+6ms) 
19:04:27   ├─ /fr/knowledge/gospel/index.html (+5ms) 
19:04:27   ├─ /fr/knowledge/gothic-metal/index.html (+6ms) 
19:04:27   ├─ /fr/knowledge/gothic/index.html (+11ms) 
19:04:27   ├─ /fr/knowledge/grindcore/index.html (+6ms) 
19:04:27   ├─ /fr/knowledge/groove-metal/index.html (+6ms) 
19:04:27   ├─ /fr/knowledge/groove/index.html (+11ms) 
19:04:27   ├─ /fr/knowledge/grunge/index.html (+6ms) 
19:04:27   ├─ /fr/knowledge/guitar/index.html (+6ms) 
19:04:27   ├─ /fr/knowledge/hair-metal/index.html (+5ms) 
19:04:27   ├─ /fr/knowledge/halloween-spooky-tunes/index.html (+11ms) 
19:04:27   ├─ /fr/knowledge/happy/index.html (+5ms) 
19:04:27   ├─ /fr/knowledge/hard-rock/index.html (+5ms) 
19:04:27   ├─ /fr/knowledge/hardstyle/index.html (+11ms) 
19:04:27   ├─ /fr/knowledge/hawaiian/index.html (+6ms) 
19:04:27   ├─ /fr/knowledge/heavy-metal/index.html (+6ms) 
19:04:27   ├─ /fr/knowledge/heavy-psych/index.html (+6ms) 
19:04:27   ├─ /fr/knowledge/hip-hop/index.html (+12ms) 
19:04:27   ├─ /fr/knowledge/holiday/index.html (+6ms) 
19:04:27   ├─ /fr/knowledge/hopeful/index.html (+5ms) 
19:04:27   ├─ /fr/knowledge/horror-metal/index.html (+12ms) 
19:04:27   ├─ /fr/knowledge/house/index.html (+7ms) 
19:04:27   ├─ /fr/knowledge/icelandic/index.html (+6ms) 
19:04:27   ├─ /fr/knowledge/indian/index.html (+6ms) 
19:04:27   ├─ /fr/knowledge/indie-pop/index.html (+13ms) 
19:04:27   ├─ /fr/knowledge/indie/index.html (+6ms) 
19:04:27   ├─ /fr/knowledge/industrial-metal/index.html (+6ms) 
19:04:27   ├─ /fr/knowledge/industrial/index.html (+12ms) 
19:04:27   ├─ /fr/knowledge/intense/index.html (+7ms) 
19:04:27   ├─ /fr/knowledge/iranian/index.html (+6ms) 
19:04:27   ├─ /fr/knowledge/irish/index.html (+7ms) 
19:04:27   ├─ /fr/knowledge/j-dance/index.html (+13ms) 
19:04:27   ├─ /fr/knowledge/j-pop/index.html (+6ms) 
19:04:27   ├─ /fr/knowledge/j-rock/index.html (+6ms) 
19:04:27   ├─ /fr/knowledge/jazz-metal/index.html (+11ms) 
19:04:27   ├─ /fr/knowledge/jazz/index.html (+6ms) 
19:04:27   ├─ /fr/knowledge/k-pop/index.html (+7ms) 
19:04:27   ├─ /fr/knowledge/krautrock/index.html (+6ms) 
19:04:27   ├─ /fr/knowledge/latin-american/index.html (+13ms) 
19:04:27   ├─ /fr/knowledge/latin-vibes/index.html (+6ms) 
19:04:27   ├─ /fr/knowledge/lazy-sunday/index.html (+6ms) 
19:04:27   ├─ /fr/knowledge/mandopop/index.html (+12ms) 
19:04:27   ├─ /fr/knowledge/math-metal/index.html (+7ms) 
19:04:27   ├─ /fr/knowledge/meditation--yoga/index.html (+6ms) 
19:04:27   ├─ /fr/knowledge/melancholic/index.html (+5ms) 
19:04:27   ├─ /fr/knowledge/melodic-death-metal/index.html (+13ms) 
19:04:27   ├─ /fr/knowledge/metalcore/index.html (+5ms) 
19:04:27   ├─ /fr/knowledge/mexican/index.html (+6ms) 
19:04:27   ├─ /fr/knowledge/morning-coffee/index.html (+11ms) 
19:04:27   ├─ /fr/knowledge/neo-classical-metal/index.html (+6ms) 
19:04:27   ├─ /fr/knowledge/new-age/index.html (+5ms) 
19:04:27   ├─ /fr/knowledge/new-wave-of-british-heavy-metal/index.html (+5ms) 
19:04:27   ├─ /fr/knowledge/night-drive/index.html (+12ms) 
19:04:27   ├─ /fr/knowledge/noise-metal/index.html (+6ms) 
19:04:27   ├─ /fr/knowledge/nostalgic/index.html (+6ms) 
19:04:27   ├─ /fr/knowledge/nu-metal/index.html (+12ms) 
19:04:27   ├─ /fr/knowledge/opera/index.html (+7ms) 
19:04:27   ├─ /fr/knowledge/party-on/index.html (+6ms) 
19:04:27   ├─ /fr/knowledge/peaceful/index.html (+6ms) 
19:04:27   ├─ /fr/knowledge/peruvian/index.html (+13ms) 
19:04:27   ├─ /fr/knowledge/piano/index.html (+7ms) 
19:04:27   ├─ /fr/knowledge/polish/index.html (+6ms) 
19:04:27   ├─ /fr/knowledge/pop/index.html (+13ms) 
19:04:27   ├─ /fr/knowledge/poprock/index.html (+7ms) 
19:04:27   ├─ /fr/knowledge/post-hardcore/index.html (+6ms) 
19:04:27   ├─ /fr/knowledge/post-metal/index.html (+6ms) 
19:04:27   ├─ /fr/knowledge/power-metal/index.html (+13ms) 
19:04:27   ├─ /fr/knowledge/power-pop/index.html (+7ms) 
19:04:27   ├─ /fr/knowledge/power-walk/index.html (+6ms) 
19:04:27   ├─ /fr/knowledge/progressive-metal/index.html (+14ms) 
19:04:27   ├─ /fr/knowledge/psych-rock/index.html (+6ms) 
19:04:27   ├─ /fr/knowledge/punk/index.html (+5ms) 
19:04:27   ├─ /fr/knowledge/rb/index.html (+7ms) 
19:04:27   ├─ /fr/knowledge/rainy-day/index.html (+11ms) 
19:04:27   ├─ /fr/knowledge/reggae/index.html (+6ms) 
19:04:27   ├─ /fr/knowledge/reggaeton/index.html (+7ms) 
19:04:27   ├─ /fr/knowledge/relaxed/index.html (+12ms) 
19:04:27   ├─ /fr/knowledge/road-trip/index.html (+7ms) 
19:04:27   ├─ /fr/knowledge/rock-n-roll/index.html (+7ms) 
19:04:27   ├─ /fr/knowledge/rock/index.html (+6ms) 
19:04:27   ├─ /fr/knowledge/rockabilly/index.html (+14ms) 
19:04:27   ├─ /fr/knowledge/romantic/index.html (+6ms) 
19:04:27   ├─ /fr/knowledge/russian/index.html (+6ms) 
19:04:27   ├─ /fr/knowledge/running-playlist/index.html (+11ms) 
19:04:27   ├─ /fr/knowledge/sad/index.html (+8ms) 
19:04:27   ├─ /fr/knowledge/salsa/index.html (+6ms) 
19:04:27   ├─ /fr/knowledge/samba/index.html (+7ms) 
19:04:27   ├─ /fr/knowledge/screamo/index.html (+12ms) 
19:04:27   ├─ /fr/knowledge/sertanejo/index.html (+6ms) 
19:04:27   ├─ /fr/knowledge/ska/index.html (+6ms) 
19:04:27   ├─ /fr/knowledge/sleep-soundly/index.html (+12ms) 
19:04:27   ├─ /fr/knowledge/sludge-metal/index.html (+8ms) 
19:04:27   ├─ /fr/knowledge/songwriter/index.html (+7ms) 
19:04:28   ├─ /fr/knowledge/soul/index.html (+7ms) 
19:04:28   ├─ /fr/knowledge/spanish/index.html (+13ms) 
19:04:28   ├─ /fr/knowledge/speed-metal/index.html (+6ms) 
19:04:28   ├─ /fr/knowledge/spring-awakening/index.html (+5ms) 
19:04:28   ├─ /fr/knowledge/stoner-metal/index.html (+11ms) 
19:04:28   ├─ /fr/knowledge/study-session/index.html (+7ms) 
19:04:28   ├─ /fr/knowledge/summer-hits/index.html (+6ms) 
19:04:28   ├─ /fr/knowledge/sunset-vibes/index.html (+6ms) 
19:04:28   ├─ /fr/knowledge/swedish/index.html (+13ms) 
19:04:28   ├─ /fr/knowledge/symphonic-black-metal/index.html (+6ms) 
19:04:28   ├─ /fr/knowledge/swiss/index.html (+7ms) 
19:04:28   ├─ /fr/knowledge/symphonic-metal/index.html (+11ms) 
19:04:28   ├─ /fr/knowledge/synth-pop/index.html (+6ms) 
19:04:28   ├─ /fr/knowledge/tango/index.html (+6ms) 
19:04:28   ├─ /fr/knowledge/technical-death-metal/index.html (+6ms) 
19:04:28   ├─ /fr/knowledge/techno/index.html (+12ms) 
19:04:28   ├─ /fr/knowledge/thrash-metal/index.html (+6ms) 
19:04:28   ├─ /fr/knowledge/trance/index.html (+6ms) 
19:04:28   ├─ /fr/knowledge/trip-hop/index.html (+12ms) 
19:04:28   ├─ /fr/knowledge/turkish/index.html (+6ms) 
19:04:28   ├─ /fr/knowledge/ukrainian/index.html (+6ms) 
19:04:28   ├─ /fr/knowledge/uplifting/index.html (+7ms) 
19:04:28   ├─ /fr/knowledge/valentines-day/index.html (+14ms) 
19:04:28   ├─ /fr/knowledge/viking-metal/index.html (+6ms) 
19:04:28   ├─ /fr/knowledge/winter-vibes/index.html (+7ms) 
19:04:28   ├─ /fr/knowledge/winter-wonderland/index.html (+13ms) 
19:04:28   ├─ /fr/knowledge/workout-motivation/index.html (+7ms) 
19:04:28   ├─ /pt/knowledge/1970s/index.html (+7ms) 
19:04:28   ├─ /pt/knowledge/1980s/index.html (+7ms) 
19:04:28   ├─ /pt/knowledge/1990s/index.html (+14ms) 
19:04:28   ├─ /pt/knowledge/1950s/index.html (+7ms) 
19:04:28   ├─ /pt/knowledge/1960s/index.html (+6ms) 
19:04:28   ├─ /pt/knowledge/acoustic-metal/index.html (+5ms) 
19:04:28   ├─ /pt/knowledge/afrobeat/index.html (+13ms) 
19:04:28   ├─ /pt/knowledge/2000s/index.html (+7ms) 
19:04:28   ├─ /pt/knowledge/2010s/index.html (+6ms) 
19:04:28   ├─ /pt/knowledge/after-work-chill/index.html (+12ms) 
19:04:28   ├─ /pt/knowledge/alternative-metal/index.html (+7ms) 
19:04:28   ├─ /pt/knowledge/ambient-metal/index.html (+7ms) 
19:04:28   ├─ /pt/knowledge/angry/index.html (+6ms) 
19:04:28   ├─ /pt/knowledge/alternative-rock/index.html (+14ms) 
19:04:28   ├─ /pt/knowledge/austrian/index.html (+6ms) 
19:04:28   ├─ /pt/knowledge/autumn-chill/index.html (+7ms) 
19:04:28   ├─ /pt/knowledge/autumn-leaves/index.html (+6ms) 
19:04:28   ├─ /pt/knowledge/avant-garde-metal/index.html (+13ms) 
19:04:28   ├─ /pt/knowledge/argentinian/index.html (+5ms) 
19:04:28   ├─ /pt/knowledge/ambient/index.html (+5ms) 
19:04:28   ├─ /pt/knowledge/back-to-school/index.html (+6ms) 
19:04:28   ├─ /pt/knowledge/backyard-bbq/index.html (+12ms) 
19:04:28   ├─ /pt/knowledge/belgian/index.html (+5ms) 
19:04:28   ├─ /pt/knowledge/beach-day/index.html (+5ms) 
19:04:28   ├─ /pt/knowledge/black-metal/index.html (+11ms) 
19:04:28   ├─ /pt/knowledge/blackened-death-metal/index.html (+7ms) 
19:04:28   ├─ /pt/knowledge/bluegrass/index.html (+7ms) 
19:04:28   ├─ /pt/knowledge/blues/index.html (+6ms) 
19:04:28   ├─ /pt/knowledge/bossa-nova/index.html (+12ms) 
19:04:28   ├─ /pt/knowledge/brazilian/index.html (+6ms) 
19:04:28   ├─ /pt/knowledge/british/index.html (+6ms) 
19:04:28   ├─ /pt/knowledge/cantopop/index.html (+6ms) 
19:04:28   ├─ /pt/knowledge/celtic-metal/index.html (+13ms) 
19:04:28   ├─ /pt/knowledge/chamber-metal/index.html (+6ms) 
19:04:28   ├─ /pt/knowledge/chicago-house/index.html (+7ms) 
19:04:28   ├─ /pt/knowledge/christian-metal/index.html (+6ms) 
19:04:28   ├─ /pt/knowledge/children/index.html (+12ms) 
19:04:28   ├─ /pt/knowledge/breakbeat/index.html (+6ms) 
19:04:28   ├─ /pt/knowledge/christmas-classics/index.html (+5ms) 
19:04:28   ├─ /pt/knowledge/classic-heavy-metal/index.html (+11ms) 
19:04:28   ├─ /pt/knowledge/classic-rock/index.html (+6ms) 
19:04:28   ├─ /pt/knowledge/classical/index.html (+7ms) 
19:04:28   ├─ /pt/knowledge/commute-companion/index.html (+6ms) 
19:04:28   ├─ /pt/knowledge/club/index.html (+12ms) 
19:04:28   ├─ /pt/knowledge/colombian/index.html (+7ms) 
19:04:28   ├─ /pt/knowledge/cooking-soundtrack/index.html (+6ms) 
19:04:28   ├─ /pt/knowledge/coregrind/index.html (+6ms) 
19:04:28   ├─ /pt/knowledge/country/index.html (+13ms) 
19:04:28   ├─ /pt/knowledge/cozy-evening/index.html (+5ms) 
19:04:28   ├─ /pt/knowledge/crossover-thrash/index.html (+5ms) 
19:04:28   ├─ /pt/knowledge/cuban/index.html (+5ms) 
19:04:28   ├─ /pt/knowledge/cyber-metal/index.html (+11ms) 
19:04:28   ├─ /pt/knowledge/czech/index.html (+7ms) 
19:04:28   ├─ /pt/knowledge/dancehall/index.html (+5ms) 
19:04:28   ├─ /pt/knowledge/danish/index.html (+12ms) 
19:04:28   ├─ /pt/knowledge/dark-metal/index.html (+6ms) 
19:04:28   ├─ /pt/knowledge/date-night/index.html (+6ms) 
19:04:28   ├─ /pt/knowledge/death-metal/index.html (+6ms) 
19:04:28   ├─ /pt/knowledge/deep-house/index.html (+13ms) 
19:04:28   ├─ /pt/knowledge/desert-rock/index.html (+6ms) 
19:04:28   ├─ /pt/knowledge/detroit-techno/index.html (+7ms) 
19:04:28   ├─ /pt/knowledge/deutschrock/index.html (+6ms) 
19:04:28   ├─ /pt/knowledge/dinner-party/index.html (+13ms) 
19:04:28   ├─ /pt/knowledge/disco-fever/index.html (+6ms) 
19:04:28   ├─ /pt/knowledge/doom-metal/index.html (+6ms) 
19:04:28   ├─ /pt/knowledge/dramatic/index.html (+7ms) 
19:04:28   ├─ /pt/knowledge/dreamy/index.html (+13ms) 
19:04:28   ├─ /pt/knowledge/drum-and-bass/index.html (+7ms) 
19:04:28   ├─ /pt/knowledge/dutch/index.html (+6ms) 
19:04:28   ├─ /pt/knowledge/energetic/index.html (+12ms) 
19:04:28   ├─ /pt/knowledge/eurodance/index.html (+6ms) 
19:04:28   ├─ /pt/knowledge/female-blues-legends/index.html (+7ms) 
19:04:28   ├─ /pt/knowledge/female-country-stars/index.html (+7ms) 
19:04:28   ├─ /pt/knowledge/female-djs/index.html (+13ms) 
19:04:28   ├─ /pt/knowledge/female-grunge-artists/index.html (+6ms) 
19:04:28   ├─ /pt/knowledge/experimental-metal/index.html (+7ms) 
19:04:28   ├─ /pt/knowledge/female-hip-hop-artists/index.html (+7ms) 
19:04:28   ├─ /pt/knowledge/female-jazz-vocalists/index.html (+13ms) 
19:04:28   ├─ /pt/knowledge/female-pop-superstars/index.html (+6ms) 
19:04:28   ├─ /pt/knowledge/female-rb-divas/index.html (+8ms) 
19:04:28   ├─ /pt/knowledge/female-rappers/index.html (+14ms) 
19:04:28   ├─ /pt/knowledge/female-rock-metal-vocalists/index.html (+7ms) 
19:04:28   ├─ /pt/knowledge/female-soul-legends/index.html (+5ms) 
19:04:28   ├─ /pt/knowledge/female-vocal-icons/index.html (+7ms) 
19:04:28   ├─ /pt/knowledge/festival-season/index.html (+13ms) 
19:04:28   ├─ /pt/knowledge/film-music/index.html (+7ms) 
19:04:28   ├─ /pt/knowledge/finnish/index.html (+6ms) 
19:04:28   ├─ /pt/knowledge/focus--concentration/index.html (+6ms) 
19:04:28   ├─ /pt/knowledge/folk-metal/index.html (+11ms) 
19:04:28   ├─ /pt/knowledge/folk/index.html (+6ms) 
19:04:28   ├─ /pt/knowledge/forró/index.html (+6ms) 
19:04:28   ├─ /pt/knowledge/french/index.html (+13ms) 
19:04:28   ├─ /pt/knowledge/funeral-doom-metal/index.html (+7ms) 
19:04:28   ├─ /pt/knowledge/funk/index.html (+7ms) 
19:04:28   ├─ /pt/knowledge/gaming-session/index.html (+6ms) 
19:04:28   ├─ /pt/knowledge/garage/index.html (+13ms) 
19:04:28   ├─ /pt/knowledge/german-rap/index.html (+6ms) 
19:04:28   ├─ /pt/knowledge/german-schlager/index.html (+6ms) 
19:04:29   ├─ /pt/knowledge/german/index.html (+6ms) 
19:04:29   ├─ /pt/knowledge/gospel/index.html (+13ms) 
19:04:29   ├─ /pt/knowledge/gothic-metal/index.html (+6ms) 
19:04:29   ├─ /pt/knowledge/gothic/index.html (+6ms) 
19:04:29   ├─ /pt/knowledge/groove-metal/index.html (+6ms) 
19:04:29   ├─ /pt/knowledge/grindcore/index.html (+14ms) 
19:04:29   ├─ /pt/knowledge/groove/index.html (+6ms) 
19:04:29   ├─ /pt/knowledge/grunge/index.html (+5ms) 
19:04:29   ├─ /pt/knowledge/guitar/index.html (+13ms) 
19:04:29   ├─ /pt/knowledge/hair-metal/index.html (+7ms) 
19:04:29   ├─ /pt/knowledge/halloween-spooky-tunes/index.html (+7ms) 
19:04:29   ├─ /pt/knowledge/happy/index.html (+6ms) 
19:04:29   ├─ /pt/knowledge/hard-rock/index.html (+13ms) 
19:04:29   ├─ /pt/knowledge/hardstyle/index.html (+6ms) 
19:04:29   ├─ /pt/knowledge/hawaiian/index.html (+7ms) 
19:04:29   ├─ /pt/knowledge/heavy-metal/index.html (+6ms) 
19:04:29   ├─ /pt/knowledge/heavy-psych/index.html (+13ms) 
19:04:29   ├─ /pt/knowledge/hip-hop/index.html (+5ms) 
19:04:29   ├─ /pt/knowledge/holiday/index.html (+6ms) 
19:04:29   ├─ /pt/knowledge/hopeful/index.html (+5ms) 
19:04:29   ├─ /pt/knowledge/horror-metal/index.html (+13ms) 
19:04:29   ├─ /pt/knowledge/house/index.html (+5ms) 
19:04:29   ├─ /pt/knowledge/icelandic/index.html (+5ms) 
19:04:29   ├─ /pt/knowledge/indian/index.html (+13ms) 
19:04:29   ├─ /pt/knowledge/indie-pop/index.html (+6ms) 
19:04:29   ├─ /pt/knowledge/indie/index.html (+7ms) 
19:04:29   ├─ /pt/knowledge/industrial-metal/index.html (+6ms) 
19:04:29   ├─ /pt/knowledge/industrial/index.html (+13ms) 
19:04:29   ├─ /pt/knowledge/intense/index.html (+6ms) 
19:04:29   ├─ /pt/knowledge/iranian/index.html (+6ms) 
19:04:29   ├─ /pt/knowledge/irish/index.html (+7ms) 
19:04:29   ├─ /pt/knowledge/j-dance/index.html (+13ms) 
19:04:29   ├─ /pt/knowledge/j-pop/index.html (+6ms) 
19:04:29   ├─ /pt/knowledge/j-rock/index.html (+6ms) 
19:04:29   ├─ /pt/knowledge/jazz-metal/index.html (+5ms) 
19:04:29   ├─ /pt/knowledge/jazz/index.html (+12ms) 
19:04:29   ├─ /pt/knowledge/k-pop/index.html (+5ms) 
19:04:29   ├─ /pt/knowledge/krautrock/index.html (+6ms) 
19:04:29   ├─ /pt/knowledge/latin-american/index.html (+11ms) 
19:04:29   ├─ /pt/knowledge/latin-vibes/index.html (+7ms) 
19:04:29   ├─ /pt/knowledge/lazy-sunday/index.html (+7ms) 
19:04:29   ├─ /pt/knowledge/mandopop/index.html (+6ms) 
19:04:29   ├─ /pt/knowledge/math-metal/index.html (+12ms) 
19:04:29   ├─ /pt/knowledge/meditation--yoga/index.html (+7ms) 
19:04:29   ├─ /pt/knowledge/melancholic/index.html (+7ms) 
19:04:29   ├─ /pt/knowledge/melodic-death-metal/index.html (+7ms) 
19:04:29   ├─ /pt/knowledge/metalcore/index.html (+13ms) 
19:04:29   ├─ /pt/knowledge/mexican/index.html (+7ms) 
19:04:29   ├─ /pt/knowledge/morning-coffee/index.html (+6ms) 
19:04:29   ├─ /pt/knowledge/neo-classical-metal/index.html (+8ms) 
19:04:29   ├─ /pt/knowledge/new-age/index.html (+15ms) 
19:04:29   ├─ /pt/knowledge/new-wave-of-british-heavy-metal/index.html (+9ms) 
19:04:29   ├─ /pt/knowledge/night-drive/index.html (+6ms) 
19:04:29   ├─ /pt/knowledge/noise-metal/index.html (+13ms) 
19:04:29   ├─ /pt/knowledge/nostalgic/index.html (+9ms) 
19:04:29   ├─ /pt/knowledge/nu-metal/index.html (+7ms) 
19:04:29   ├─ /pt/knowledge/opera/index.html (+7ms) 
19:04:29   ├─ /pt/knowledge/party-on/index.html (+13ms) 
19:04:29   ├─ /pt/knowledge/peaceful/index.html (+8ms) 
19:04:29   ├─ /pt/knowledge/peruvian/index.html (+7ms) 
19:04:29   ├─ /pt/knowledge/piano/index.html (+7ms) 
19:04:29   ├─ /pt/knowledge/polish/index.html (+14ms) 
19:04:29   ├─ /pt/knowledge/pop/index.html (+7ms) 
19:04:29   ├─ /pt/knowledge/poprock/index.html (+7ms) 
19:04:29   ├─ /pt/knowledge/post-hardcore/index.html (+7ms) 
19:04:29   ├─ /pt/knowledge/post-metal/index.html (+14ms) 
19:04:29   ├─ /pt/knowledge/power-metal/index.html (+6ms) 
19:04:29   ├─ /pt/knowledge/power-pop/index.html (+6ms) 
19:04:29   ├─ /pt/knowledge/power-walk/index.html (+14ms) 
19:04:29   ├─ /pt/knowledge/progressive-metal/index.html (+6ms) 
19:04:29   ├─ /pt/knowledge/psych-rock/index.html (+6ms) 
19:04:29   ├─ /pt/knowledge/punk/index.html (+6ms) 
19:04:29   ├─ /pt/knowledge/rb/index.html (+12ms) 
19:04:29   ├─ /pt/knowledge/rainy-day/index.html (+6ms) 
19:04:29   ├─ /pt/knowledge/reggae/index.html (+5ms) 
19:04:29   ├─ /pt/knowledge/reggaeton/index.html (+7ms) 
19:04:29   ├─ /pt/knowledge/relaxed/index.html (+12ms) 
19:04:29   ├─ /pt/knowledge/road-trip/index.html (+7ms) 
19:04:29   ├─ /pt/knowledge/rock-n-roll/index.html (+5ms) 
19:04:29   ├─ /pt/knowledge/rock/index.html (+6ms) 
19:04:29   ├─ /pt/knowledge/rockabilly/index.html (+11ms) 
19:04:29   ├─ /pt/knowledge/romantic/index.html (+7ms) 
19:04:29   ├─ /pt/knowledge/russian/index.html (+6ms) 
19:04:29   ├─ /pt/knowledge/running-playlist/index.html (+14ms) 
19:04:29   ├─ /pt/knowledge/sad/index.html (+7ms) 
19:04:29   ├─ /pt/knowledge/salsa/index.html (+6ms) 
19:04:29   ├─ /pt/knowledge/samba/index.html (+6ms) 
19:04:29   ├─ /pt/knowledge/screamo/index.html (+12ms) 
19:04:29   ├─ /pt/knowledge/sertanejo/index.html (+5ms) 
19:04:29   ├─ /pt/knowledge/ska/index.html (+6ms) 
19:04:29   ├─ /pt/knowledge/sleep-soundly/index.html (+7ms) 
19:04:29   ├─ /pt/knowledge/sludge-metal/index.html (+13ms) 
19:04:29   ├─ /pt/knowledge/songwriter/index.html (+7ms) 
19:04:29   ├─ /pt/knowledge/soul/index.html (+7ms) 
19:04:29   ├─ /pt/knowledge/spanish/index.html (+12ms) 
19:04:29   ├─ /pt/knowledge/speed-metal/index.html (+7ms) 
19:04:29   ├─ /pt/knowledge/spring-awakening/index.html (+6ms) 
19:04:29   ├─ /pt/knowledge/stoner-metal/index.html (+5ms) 
19:04:29   ├─ /pt/knowledge/study-session/index.html (+13ms) 
19:04:29   ├─ /pt/knowledge/summer-hits/index.html (+6ms) 
19:04:29   ├─ /pt/knowledge/sunset-vibes/index.html (+8ms) 
19:04:29   ├─ /pt/knowledge/swedish/index.html (+6ms) 
19:04:29   ├─ /pt/knowledge/swiss/index.html (+12ms) 
19:04:29   ├─ /pt/knowledge/symphonic-black-metal/index.html (+6ms) 
19:04:29   ├─ /pt/knowledge/symphonic-metal/index.html (+7ms) 
19:04:29   ├─ /pt/knowledge/synth-pop/index.html (+5ms) 
19:04:29   ├─ /pt/knowledge/tango/index.html (+12ms) 
19:04:29   ├─ /pt/knowledge/technical-death-metal/index.html (+6ms) 
19:04:29   ├─ /pt/knowledge/techno/index.html (+6ms) 
19:04:29   ├─ /pt/knowledge/thrash-metal/index.html (+12ms) 
19:04:29   ├─ /pt/knowledge/trance/index.html (+7ms) 
19:04:29   ├─ /pt/knowledge/trip-hop/index.html (+6ms) 
19:04:29   ├─ /pt/knowledge/turkish/index.html (+5ms) 
19:04:29   ├─ /pt/knowledge/ukrainian/index.html (+12ms) 
19:04:29   ├─ /pt/knowledge/uplifting/index.html (+7ms) 
19:04:29   ├─ /pt/knowledge/valentines-day/index.html (+7ms) 
19:04:29   ├─ /pt/knowledge/viking-metal/index.html (+7ms) 
19:04:29   ├─ /pt/knowledge/winter-vibes/index.html (+14ms) 
19:04:29   ├─ /pt/knowledge/winter-wonderland/index.html (+7ms) 
19:04:29   └─ /pt/knowledge/workout-motivation/index.html (+6ms) 
19:04:29 ▶ src/pages/[lang]/playlists.astro
19:04:29   ├─ /en/playlists/index.html (+147ms) 
19:04:30   ├─ /de/playlists/index.html (+146ms) 
19:04:30   ├─ /es/playlists/index.html (+136ms) 
19:04:30   ├─ /it/playlists/index.html (+147ms) 
19:04:30   ├─ /fr/playlists/index.html (+137ms) 
19:04:30   └─ /pt/playlists/index.html (+136ms) 
19:04:30 λ src/pages/[lang]/podcasts/rss.xml.ts
19:04:30   ├─ /de/podcasts/rss.xml (+790ms) 
19:04:31   ├─ /en/podcasts/rss.xml (+634ms) 
19:04:32   ├─ /es/podcasts/rss.xml (+633ms) 
19:04:32   ├─ /fr/podcasts/rss.xml (+599ms) 
19:04:33   ├─ /it/podcasts/rss.xml (+582ms) 
19:04:34   └─ /pt/podcasts/rss.xml (+590ms) 
19:04:34 ▶ src/pages/[lang]/podcasts/[id].astro
19:04:34   ├─ /en/podcasts/1950s/index.html (+13ms) 
19:04:34   ├─ /en/podcasts/1960s/index.html (+5ms) 
19:04:34   ├─ /en/podcasts/1970s/index.html (+5ms) 
19:04:34   ├─ /en/podcasts/1980s/index.html (+5ms) 
19:04:34   ├─ /en/podcasts/1990s/index.html (+5ms) 
19:04:34   ├─ /en/podcasts/2000s/index.html (+5ms) 
19:04:34   ├─ /en/podcasts/2010s/index.html (+12ms) 
19:04:34   ├─ /en/podcasts/female-blues-legends/index.html (+5ms) 
19:04:34   ├─ /en/podcasts/female-country-stars/index.html (+6ms) 
19:04:34   ├─ /en/podcasts/female-djs/index.html (+6ms) 
19:04:34   ├─ /en/podcasts/female-grunge-artists/index.html (+6ms) 
19:04:34   ├─ /en/podcasts/female-hip-hop-artists/index.html (+5ms) 
19:04:34   ├─ /en/podcasts/female-jazz-vocalists/index.html (+7ms) 
19:04:34   ├─ /en/podcasts/female-pop-superstars/index.html (+12ms) 
19:04:34   ├─ /en/podcasts/female-rappers/index.html (+5ms) 
19:04:34   ├─ /en/podcasts/female-rb-divas/index.html (+5ms) 
19:04:34   ├─ /en/podcasts/female-rock-metal-vocalists/index.html (+5ms) 
19:04:34   ├─ /en/podcasts/female-soul-legends/index.html (+5ms) 
19:04:34   ├─ /en/podcasts/female-vocal-icons/index.html (+4ms) 
19:04:34   ├─ /en/podcasts/piano/index.html (+5ms) 
19:04:34   ├─ /en/podcasts/orchestral/index.html (+10ms) 
19:04:34   ├─ /en/podcasts/soundtrack/index.html (+5ms) 
19:04:34   ├─ /en/podcasts/opera/index.html (+4ms) 
19:04:34   ├─ /en/podcasts/classical/index.html (+4ms) 
19:04:34   ├─ /en/podcasts/chamber-music/index.html (+5ms) 
19:04:34   ├─ /en/podcasts/new-age/index.html (+4ms) 
19:04:34   ├─ /de/podcasts/1950s/index.html (+4ms) 
19:04:34   ├─ /de/podcasts/1960s/index.html (+11ms) 
19:04:34   ├─ /de/podcasts/1970s/index.html (+5ms) 
19:04:34   ├─ /de/podcasts/1980s/index.html (+4ms) 
19:04:34   ├─ /de/podcasts/1990s/index.html (+4ms) 
19:04:34   ├─ /de/podcasts/2000s/index.html (+5ms) 
19:04:34   ├─ /de/podcasts/2010s/index.html (+4ms) 
19:04:34   ├─ /de/podcasts/female-blues-legends/index.html (+5ms) 
19:04:34   ├─ /de/podcasts/female-country-stars/index.html (+12ms) 
19:04:34   ├─ /de/podcasts/female-djs/index.html (+5ms) 
19:04:34   ├─ /de/podcasts/female-grunge-artists/index.html (+5ms) 
19:04:34   ├─ /de/podcasts/female-hip-hop-artists/index.html (+5ms) 
19:04:34   ├─ /de/podcasts/female-jazz-vocalists/index.html (+5ms) 
19:04:34   ├─ /de/podcasts/female-pop-superstars/index.html (+5ms) 
19:04:34   ├─ /de/podcasts/female-rappers/index.html (+6ms) 
19:04:34   ├─ /de/podcasts/female-rb-divas/index.html (+10ms) 
19:04:34   ├─ /de/podcasts/female-rock-metal-vocalists/index.html (+6ms) 
19:04:34   ├─ /de/podcasts/female-soul-legends/index.html (+5ms) 
19:04:34   ├─ /de/podcasts/female-vocal-icons/index.html (+4ms) 
19:04:34   ├─ /de/podcasts/piano/index.html (+5ms) 
19:04:34   ├─ /de/podcasts/orchestral/index.html (+4ms) 
19:04:34   ├─ /de/podcasts/soundtrack/index.html (+4ms) 
19:04:34   ├─ /de/podcasts/opera/index.html (+10ms) 
19:04:34   ├─ /de/podcasts/classical/index.html (+4ms) 
19:04:34   ├─ /de/podcasts/chamber-music/index.html (+3ms) 
19:04:34   ├─ /de/podcasts/new-age/index.html (+3ms) 
19:04:34   ├─ /es/podcasts/1950s/index.html (+5ms) 
19:04:34   ├─ /es/podcasts/1960s/index.html (+4ms) 
19:04:34   ├─ /es/podcasts/1970s/index.html (+4ms) 
19:04:34   ├─ /es/podcasts/1980s/index.html (+12ms) 
19:04:35   ├─ /es/podcasts/1990s/index.html (+5ms) 
19:04:35   ├─ /es/podcasts/2000s/index.html (+5ms) 
19:04:35   ├─ /es/podcasts/2010s/index.html (+5ms) 
19:04:35   ├─ /es/podcasts/female-blues-legends/index.html (+4ms) 
19:04:35   ├─ /es/podcasts/female-country-stars/index.html (+4ms) 
19:04:35   ├─ /es/podcasts/female-djs/index.html (+5ms) 
19:04:35   ├─ /es/podcasts/female-grunge-artists/index.html (+11ms) 
19:04:35   ├─ /es/podcasts/female-hip-hop-artists/index.html (+5ms) 
19:04:35   ├─ /es/podcasts/female-jazz-vocalists/index.html (+5ms) 
19:04:35   ├─ /es/podcasts/female-pop-superstars/index.html (+4ms) 
19:04:35   ├─ /es/podcasts/female-rappers/index.html (+4ms) 
19:04:35   ├─ /es/podcasts/female-rb-divas/index.html (+6ms) 
19:04:35   ├─ /es/podcasts/female-rock-metal-vocalists/index.html (+5ms) 
19:04:35   ├─ /es/podcasts/female-soul-legends/index.html (+11ms) 
19:04:35   ├─ /es/podcasts/female-vocal-icons/index.html (+6ms) 
19:04:35   ├─ /es/podcasts/piano/index.html (+4ms) 
19:04:35   ├─ /es/podcasts/orchestral/index.html (+5ms) 
19:04:35   ├─ /es/podcasts/soundtrack/index.html (+4ms) 
19:04:35   ├─ /es/podcasts/opera/index.html (+4ms) 
19:04:35   ├─ /es/podcasts/classical/index.html (+4ms) 
19:04:35   ├─ /es/podcasts/chamber-music/index.html (+11ms) 
19:04:35   ├─ /es/podcasts/new-age/index.html (+4ms) 
19:04:35   ├─ /it/podcasts/1950s/index.html (+5ms) 
19:04:35   ├─ /it/podcasts/1960s/index.html (+5ms) 
19:04:35   ├─ /it/podcasts/1970s/index.html (+5ms) 
19:04:35   ├─ /it/podcasts/1980s/index.html (+5ms) 
19:04:35   ├─ /it/podcasts/1990s/index.html (+6ms) 
19:04:35   ├─ /it/podcasts/2000s/index.html (+13ms) 
19:04:35   ├─ /it/podcasts/2010s/index.html (+5ms) 
19:04:35   ├─ /it/podcasts/female-blues-legends/index.html (+4ms) 
19:04:35   ├─ /it/podcasts/female-country-stars/index.html (+6ms) 
19:04:35   ├─ /it/podcasts/female-djs/index.html (+5ms) 
19:04:35   ├─ /it/podcasts/female-grunge-artists/index.html (+5ms) 
19:04:35   ├─ /it/podcasts/female-hip-hop-artists/index.html (+4ms) 
19:04:35   ├─ /it/podcasts/female-jazz-vocalists/index.html (+11ms) 
19:04:35   ├─ /it/podcasts/female-pop-superstars/index.html (+5ms) 
19:04:35   ├─ /it/podcasts/female-rappers/index.html (+6ms) 
19:04:35   ├─ /it/podcasts/female-rb-divas/index.html (+5ms) 
19:04:35   ├─ /it/podcasts/female-rock-metal-vocalists/index.html (+5ms) 
19:04:35   ├─ /it/podcasts/female-soul-legends/index.html (+6ms) 
19:04:35   ├─ /it/podcasts/female-vocal-icons/index.html (+5ms) 
19:04:35   ├─ /it/podcasts/piano/index.html (+13ms) 
19:04:35   ├─ /it/podcasts/orchestral/index.html (+4ms) 
19:04:35   ├─ /it/podcasts/soundtrack/index.html (+5ms) 
19:04:35   ├─ /it/podcasts/opera/index.html (+4ms) 
19:04:35   ├─ /it/podcasts/classical/index.html (+6ms) 
19:04:35   ├─ /it/podcasts/chamber-music/index.html (+5ms) 
19:04:35   ├─ /it/podcasts/new-age/index.html (+5ms) 
19:04:35   ├─ /fr/podcasts/1950s/index.html (+12ms) 
19:04:35   ├─ /fr/podcasts/1960s/index.html (+6ms) 
19:04:35   ├─ /fr/podcasts/1970s/index.html (+5ms) 
19:04:35   ├─ /fr/podcasts/1980s/index.html (+4ms) 
19:04:35   ├─ /fr/podcasts/1990s/index.html (+5ms) 
19:04:35   ├─ /fr/podcasts/2000s/index.html (+6ms) 
19:04:35   ├─ /fr/podcasts/2010s/index.html (+5ms) 
19:04:35   ├─ /fr/podcasts/female-blues-legends/index.html (+13ms) 
19:04:35   ├─ /fr/podcasts/female-country-stars/index.html (+5ms) 
19:04:35   ├─ /fr/podcasts/female-djs/index.html (+4ms) 
19:04:35   ├─ /fr/podcasts/female-grunge-artists/index.html (+5ms) 
19:04:35   ├─ /fr/podcasts/female-hip-hop-artists/index.html (+4ms) 
19:04:35   ├─ /fr/podcasts/female-jazz-vocalists/index.html (+4ms) 
19:04:35   ├─ /fr/podcasts/female-pop-superstars/index.html (+5ms) 
19:04:35   ├─ /fr/podcasts/female-rappers/index.html (+11ms) 
19:04:35   ├─ /fr/podcasts/female-rb-divas/index.html (+5ms) 
19:04:35   ├─ /fr/podcasts/female-rock-metal-vocalists/index.html (+5ms) 
19:04:35   ├─ /fr/podcasts/female-soul-legends/index.html (+5ms) 
19:04:35   ├─ /fr/podcasts/female-vocal-icons/index.html (+4ms) 
19:04:35   ├─ /fr/podcasts/piano/index.html (+5ms) 
19:04:35   ├─ /fr/podcasts/orchestral/index.html (+4ms) 
19:04:35   ├─ /fr/podcasts/soundtrack/index.html (+10ms) 
19:04:35   ├─ /fr/podcasts/opera/index.html (+5ms) 
19:04:35   ├─ /fr/podcasts/classical/index.html (+4ms) 
19:04:35   ├─ /fr/podcasts/chamber-music/index.html (+5ms) 
19:04:35   ├─ /fr/podcasts/new-age/index.html (+5ms) 
19:04:35   ├─ /pt/podcasts/1950s/index.html (+6ms) 
19:04:35   ├─ /pt/podcasts/1960s/index.html (+6ms) 
19:04:35   ├─ /pt/podcasts/1970s/index.html (+12ms) 
19:04:35   ├─ /pt/podcasts/1980s/index.html (+5ms) 
19:04:35   ├─ /pt/podcasts/1990s/index.html (+6ms) 
19:04:35   ├─ /pt/podcasts/2000s/index.html (+5ms) 
19:04:35   ├─ /pt/podcasts/2010s/index.html (+5ms) 
19:04:35   ├─ /pt/podcasts/female-blues-legends/index.html (+6ms) 
19:04:35   ├─ /pt/podcasts/female-country-stars/index.html (+5ms) 
19:04:35   ├─ /pt/podcasts/female-djs/index.html (+10ms) 
19:04:35   ├─ /pt/podcasts/female-grunge-artists/index.html (+5ms) 
19:04:35   ├─ /pt/podcasts/female-hip-hop-artists/index.html (+4ms) 
19:04:35   ├─ /pt/podcasts/female-jazz-vocalists/index.html (+4ms) 
19:04:35   ├─ /pt/podcasts/female-pop-superstars/index.html (+5ms) 
19:04:35   ├─ /pt/podcasts/female-rappers/index.html (+5ms) 
19:04:35   ├─ /pt/podcasts/female-rb-divas/index.html (+4ms) 
19:04:35   ├─ /pt/podcasts/female-rock-metal-vocalists/index.html (+12ms) 
19:04:35   ├─ /pt/podcasts/female-soul-legends/index.html (+5ms) 
19:04:35   ├─ /pt/podcasts/female-vocal-icons/index.html (+4ms) 
19:04:35   ├─ /pt/podcasts/piano/index.html (+5ms) 
19:04:35   ├─ /pt/podcasts/orchestral/index.html (+5ms) 
19:04:35   ├─ /pt/podcasts/soundtrack/index.html (+5ms) 
19:04:35   ├─ /pt/podcasts/opera/index.html (+5ms) 
19:04:35   ├─ /pt/podcasts/classical/index.html (+12ms) 
19:04:35   ├─ /pt/podcasts/chamber-music/index.html (+6ms) 
19:04:35   └─ /pt/podcasts/new-age/index.html (+4ms) 
19:04:35 ▶ src/pages/[lang]/podcasts.astro
19:04:35   ├─ /en/podcasts/index.html (+9ms) 
19:04:35   ├─ /de/podcasts/index.html (+7ms) 
19:04:35   ├─ /es/podcasts/index.html (+15ms) 
19:04:35   ├─ /it/podcasts/index.html (+7ms) 
19:04:35   ├─ /fr/podcasts/index.html (+7ms) 
19:04:35   └─ /pt/podcasts/index.html (+6ms) 
19:04:35 ▶ src/pages/[lang]/index.astro
19:04:35   ├─ /en/index.html (+4ms) 
19:04:35   ├─ /de/index.html (+11ms) 
19:04:35   ├─ /es/index.html (+4ms) 
19:04:35   ├─ /it/index.html (+3ms) 
19:04:35   ├─ /fr/index.html (+3ms) 
19:04:35   └─ /pt/index.html (+3ms) 
19:04:35 ✓ Completed in 22.30s.

19:04:35 [build] Rearranging server assets...
[32mastro-robots-txt:[0m `robots.txt` is created.

19:04:36 [@astrojs/sitemap] `sitemap-index.xml` created at `dist/client`
19:04:36 [build] Server built in 54.27s
19:04:36 [build] Complete!
Done in 56.52s.
